ARM GAS  C:\Users\simon\AppData\Local\Temp\ccWmqVeu.s 			page 1


   1              		.cpu cortex-m7
   2              		.arch armv7e-m
   3              		.fpu fpv5-d16
   4              		.eabi_attribute 28, 1
   5              		.eabi_attribute 20, 1
   6              		.eabi_attribute 21, 1
   7              		.eabi_attribute 23, 3
   8              		.eabi_attribute 24, 1
   9              		.eabi_attribute 25, 1
  10              		.eabi_attribute 26, 1
  11              		.eabi_attribute 30, 1
  12              		.eabi_attribute 34, 1
  13              		.eabi_attribute 18, 4
  14              		.file	"dac.c"
  15              		.text
  16              	.Ltext0:
  17              		.cfi_sections	.debug_frame
  18              		.section	.text.MX_DAC1_Init,"ax",%progbits
  19              		.align	1
  20              		.global	MX_DAC1_Init
  21              		.syntax unified
  22              		.thumb
  23              		.thumb_func
  25              	MX_DAC1_Init:
  26              	.LFB331:
  27              		.file 1 "Src/dac.c"
   1:Src/dac.c     **** /**
   2:Src/dac.c     ****   ******************************************************************************
   3:Src/dac.c     ****   * @file    dac.c
   4:Src/dac.c     ****   * @brief   This file provides code for the configuration
   5:Src/dac.c     ****   *          of the DAC instances.
   6:Src/dac.c     ****   ******************************************************************************
   7:Src/dac.c     ****   * @attention
   8:Src/dac.c     ****   *
   9:Src/dac.c     ****   * <h2><center>&copy; Copyright (c) 2026 STMicroelectronics.
  10:Src/dac.c     ****   * All rights reserved.</center></h2>
  11:Src/dac.c     ****   *
  12:Src/dac.c     ****   * This software component is licensed by ST under BSD 3-Clause license,
  13:Src/dac.c     ****   * the "License"; You may not use this file except in compliance with the
  14:Src/dac.c     ****   * License. You may obtain a copy of the License at:
  15:Src/dac.c     ****   *                        opensource.org/licenses/BSD-3-Clause
  16:Src/dac.c     ****   *
  17:Src/dac.c     ****   ******************************************************************************
  18:Src/dac.c     ****   */
  19:Src/dac.c     **** 
  20:Src/dac.c     **** /* Includes ------------------------------------------------------------------*/
  21:Src/dac.c     **** #include "dac.h"
  22:Src/dac.c     **** 
  23:Src/dac.c     **** /* USER CODE BEGIN 0 */
  24:Src/dac.c     **** 
  25:Src/dac.c     **** /* USER CODE END 0 */
  26:Src/dac.c     **** 
  27:Src/dac.c     **** DAC_HandleTypeDef hdac1;
  28:Src/dac.c     **** DMA_HandleTypeDef hdma_dac1_ch1;
  29:Src/dac.c     **** DMA_HandleTypeDef hdma_dac1_ch2;
  30:Src/dac.c     **** 
  31:Src/dac.c     **** /* DAC1 init function */
ARM GAS  C:\Users\simon\AppData\Local\Temp\ccWmqVeu.s 			page 2


  32:Src/dac.c     **** void MX_DAC1_Init(void)
  33:Src/dac.c     **** {
  28              		.loc 1 33 1 view -0
  29              		.cfi_startproc
  30              		@ args = 0, pretend = 0, frame = 40
  31              		@ frame_needed = 0, uses_anonymous_args = 0
  32 0000 00B5     		push	{lr}
  33              	.LCFI0:
  34              		.cfi_def_cfa_offset 4
  35              		.cfi_offset 14, -4
  36 0002 8BB0     		sub	sp, sp, #44
  37              	.LCFI1:
  38              		.cfi_def_cfa_offset 48
  34:Src/dac.c     **** 
  35:Src/dac.c     ****   /* USER CODE BEGIN DAC1_Init 0 */
  36:Src/dac.c     **** 
  37:Src/dac.c     ****   /* USER CODE END DAC1_Init 0 */
  38:Src/dac.c     **** 
  39:Src/dac.c     ****   DAC_ChannelConfTypeDef sConfig = {0};
  39              		.loc 1 39 3 view .LVU1
  40              		.loc 1 39 26 is_stmt 0 view .LVU2
  41 0004 2422     		movs	r2, #36
  42 0006 0021     		movs	r1, #0
  43 0008 01A8     		add	r0, sp, #4
  44 000a FFF7FEFF 		bl	memset
  45              	.LVL0:
  40:Src/dac.c     **** 
  41:Src/dac.c     ****   /* USER CODE BEGIN DAC1_Init 1 */
  42:Src/dac.c     **** 
  43:Src/dac.c     ****   /* USER CODE END DAC1_Init 1 */
  44:Src/dac.c     ****   /** DAC Initialization
  45:Src/dac.c     ****   */
  46:Src/dac.c     ****   hdac1.Instance = DAC1;
  46              		.loc 1 46 3 is_stmt 1 view .LVU3
  47              		.loc 1 46 18 is_stmt 0 view .LVU4
  48 000e 1248     		ldr	r0, .L9
  49 0010 124B     		ldr	r3, .L9+4
  50 0012 0360     		str	r3, [r0]
  47:Src/dac.c     ****   if (HAL_DAC_Init(&hdac1) != HAL_OK)
  51              		.loc 1 47 3 is_stmt 1 view .LVU5
  52              		.loc 1 47 7 is_stmt 0 view .LVU6
  53 0014 FFF7FEFF 		bl	HAL_DAC_Init
  54              	.LVL1:
  55              		.loc 1 47 6 view .LVU7
  56 0018 A8B9     		cbnz	r0, .L6
  57              	.L2:
  48:Src/dac.c     ****   {
  49:Src/dac.c     ****     Error_Handler();
  50:Src/dac.c     ****   }
  51:Src/dac.c     ****   /** DAC channel OUT1 config
  52:Src/dac.c     ****   */
  53:Src/dac.c     ****   sConfig.DAC_SampleAndHold = DAC_SAMPLEANDHOLD_DISABLE;
  58              		.loc 1 53 3 is_stmt 1 view .LVU8
  59              		.loc 1 53 29 is_stmt 0 view .LVU9
  60 001a 0022     		movs	r2, #0
  61 001c 0192     		str	r2, [sp, #4]
  54:Src/dac.c     ****   sConfig.DAC_Trigger = DAC_TRIGGER_T1_TRGO;
ARM GAS  C:\Users\simon\AppData\Local\Temp\ccWmqVeu.s 			page 3


  62              		.loc 1 54 3 is_stmt 1 view .LVU10
  63              		.loc 1 54 23 is_stmt 0 view .LVU11
  64 001e 0623     		movs	r3, #6
  65 0020 0293     		str	r3, [sp, #8]
  55:Src/dac.c     ****   sConfig.DAC_OutputBuffer = DAC_OUTPUTBUFFER_ENABLE;
  66              		.loc 1 55 3 is_stmt 1 view .LVU12
  67              		.loc 1 55 28 is_stmt 0 view .LVU13
  68 0022 0392     		str	r2, [sp, #12]
  56:Src/dac.c     ****   sConfig.DAC_ConnectOnChipPeripheral = DAC_CHIPCONNECT_ENABLE;
  69              		.loc 1 56 3 is_stmt 1 view .LVU14
  70              		.loc 1 56 39 is_stmt 0 view .LVU15
  71 0024 0223     		movs	r3, #2
  72 0026 0493     		str	r3, [sp, #16]
  57:Src/dac.c     ****   sConfig.DAC_UserTrimming = DAC_TRIMMING_FACTORY;
  73              		.loc 1 57 3 is_stmt 1 view .LVU16
  74              		.loc 1 57 28 is_stmt 0 view .LVU17
  75 0028 0592     		str	r2, [sp, #20]
  58:Src/dac.c     ****   if (HAL_DAC_ConfigChannel(&hdac1, &sConfig, DAC_CHANNEL_1) != HAL_OK)
  76              		.loc 1 58 3 is_stmt 1 view .LVU18
  77              		.loc 1 58 7 is_stmt 0 view .LVU19
  78 002a 01A9     		add	r1, sp, #4
  79 002c 0A48     		ldr	r0, .L9
  80 002e FFF7FEFF 		bl	HAL_DAC_ConfigChannel
  81              	.LVL2:
  82              		.loc 1 58 6 view .LVU20
  83 0032 58B9     		cbnz	r0, .L7
  84              	.L3:
  59:Src/dac.c     ****   {
  60:Src/dac.c     ****     Error_Handler();
  61:Src/dac.c     ****   }
  62:Src/dac.c     ****   /** DAC channel OUT2 config
  63:Src/dac.c     ****   */
  64:Src/dac.c     ****   if (HAL_DAC_ConfigChannel(&hdac1, &sConfig, DAC_CHANNEL_2) != HAL_OK)
  85              		.loc 1 64 3 is_stmt 1 view .LVU21
  86              		.loc 1 64 7 is_stmt 0 view .LVU22
  87 0034 1022     		movs	r2, #16
  88 0036 01A9     		add	r1, sp, #4
  89 0038 0748     		ldr	r0, .L9
  90 003a FFF7FEFF 		bl	HAL_DAC_ConfigChannel
  91              	.LVL3:
  92              		.loc 1 64 6 view .LVU23
  93 003e 40B9     		cbnz	r0, .L8
  94              	.L1:
  65:Src/dac.c     ****   {
  66:Src/dac.c     ****     Error_Handler();
  67:Src/dac.c     ****   }
  68:Src/dac.c     ****   /* USER CODE BEGIN DAC1_Init 2 */
  69:Src/dac.c     **** 
  70:Src/dac.c     ****   /* USER CODE END DAC1_Init 2 */
  71:Src/dac.c     **** 
  72:Src/dac.c     **** }
  95              		.loc 1 72 1 view .LVU24
  96 0040 0BB0     		add	sp, sp, #44
  97              	.LCFI2:
  98              		.cfi_remember_state
  99              		.cfi_def_cfa_offset 4
 100              		@ sp needed
ARM GAS  C:\Users\simon\AppData\Local\Temp\ccWmqVeu.s 			page 4


 101 0042 5DF804FB 		ldr	pc, [sp], #4
 102              	.L6:
 103              	.LCFI3:
 104              		.cfi_restore_state
  49:Src/dac.c     ****   }
 105              		.loc 1 49 5 is_stmt 1 view .LVU25
 106 0046 FFF7FEFF 		bl	Error_Handler
 107              	.LVL4:
 108 004a E6E7     		b	.L2
 109              	.L7:
  60:Src/dac.c     ****   }
 110              		.loc 1 60 5 view .LVU26
 111 004c FFF7FEFF 		bl	Error_Handler
 112              	.LVL5:
 113 0050 F0E7     		b	.L3
 114              	.L8:
  66:Src/dac.c     ****   }
 115              		.loc 1 66 5 view .LVU27
 116 0052 FFF7FEFF 		bl	Error_Handler
 117              	.LVL6:
 118              		.loc 1 72 1 is_stmt 0 view .LVU28
 119 0056 F3E7     		b	.L1
 120              	.L10:
 121              		.align	2
 122              	.L9:
 123 0058 00000000 		.word	.LANCHOR0
 124 005c 00740040 		.word	1073771520
 125              		.cfi_endproc
 126              	.LFE331:
 128              		.section	.text.HAL_DAC_MspInit,"ax",%progbits
 129              		.align	1
 130              		.global	HAL_DAC_MspInit
 131              		.syntax unified
 132              		.thumb
 133              		.thumb_func
 135              	HAL_DAC_MspInit:
 136              	.LVL7:
 137              	.LFB332:
  73:Src/dac.c     **** 
  74:Src/dac.c     **** void HAL_DAC_MspInit(DAC_HandleTypeDef* dacHandle)
  75:Src/dac.c     **** {
 138              		.loc 1 75 1 is_stmt 1 view -0
 139              		.cfi_startproc
 140              		@ args = 0, pretend = 0, frame = 32
 141              		@ frame_needed = 0, uses_anonymous_args = 0
 142              		.loc 1 75 1 is_stmt 0 view .LVU30
 143 0000 10B5     		push	{r4, lr}
 144              	.LCFI4:
 145              		.cfi_def_cfa_offset 8
 146              		.cfi_offset 4, -8
 147              		.cfi_offset 14, -4
 148 0002 88B0     		sub	sp, sp, #32
 149              	.LCFI5:
 150              		.cfi_def_cfa_offset 40
  76:Src/dac.c     **** 
  77:Src/dac.c     ****   GPIO_InitTypeDef GPIO_InitStruct = {0};
 151              		.loc 1 77 3 is_stmt 1 view .LVU31
ARM GAS  C:\Users\simon\AppData\Local\Temp\ccWmqVeu.s 			page 5


 152              		.loc 1 77 20 is_stmt 0 view .LVU32
 153 0004 0023     		movs	r3, #0
 154 0006 0393     		str	r3, [sp, #12]
 155 0008 0493     		str	r3, [sp, #16]
 156 000a 0593     		str	r3, [sp, #20]
 157 000c 0693     		str	r3, [sp, #24]
 158 000e 0793     		str	r3, [sp, #28]
  78:Src/dac.c     ****   if(dacHandle->Instance==DAC1)
 159              		.loc 1 78 3 is_stmt 1 view .LVU33
 160              		.loc 1 78 15 is_stmt 0 view .LVU34
 161 0010 0268     		ldr	r2, [r0]
 162              		.loc 1 78 5 view .LVU35
 163 0012 324B     		ldr	r3, .L19
 164 0014 9A42     		cmp	r2, r3
 165 0016 01D0     		beq	.L16
 166              	.LVL8:
 167              	.L11:
  79:Src/dac.c     ****   {
  80:Src/dac.c     ****   /* USER CODE BEGIN DAC1_MspInit 0 */
  81:Src/dac.c     **** 
  82:Src/dac.c     ****   /* USER CODE END DAC1_MspInit 0 */
  83:Src/dac.c     ****     /* DAC1 clock enable */
  84:Src/dac.c     ****     __HAL_RCC_DAC12_CLK_ENABLE();
  85:Src/dac.c     **** 
  86:Src/dac.c     ****     __HAL_RCC_GPIOA_CLK_ENABLE();
  87:Src/dac.c     ****     /**DAC1 GPIO Configuration
  88:Src/dac.c     ****     PA5     ------> DAC1_OUT2
  89:Src/dac.c     ****     PA4     ------> DAC1_OUT1
  90:Src/dac.c     ****     */
  91:Src/dac.c     ****     GPIO_InitStruct.Pin = GPIO_PIN_5|GPIO_PIN_4;
  92:Src/dac.c     ****     GPIO_InitStruct.Mode = GPIO_MODE_ANALOG;
  93:Src/dac.c     ****     GPIO_InitStruct.Pull = GPIO_NOPULL;
  94:Src/dac.c     ****     HAL_GPIO_Init(GPIOA, &GPIO_InitStruct);
  95:Src/dac.c     **** 
  96:Src/dac.c     ****     /* DAC1 DMA Init */
  97:Src/dac.c     ****     /* DAC1_CH1 Init */
  98:Src/dac.c     ****     hdma_dac1_ch1.Instance = DMA1_Stream2;
  99:Src/dac.c     ****     hdma_dac1_ch1.Init.Request = DMA_REQUEST_DAC1;
 100:Src/dac.c     ****     hdma_dac1_ch1.Init.Direction = DMA_MEMORY_TO_PERIPH;
 101:Src/dac.c     ****     hdma_dac1_ch1.Init.PeriphInc = DMA_PINC_DISABLE;
 102:Src/dac.c     ****     hdma_dac1_ch1.Init.MemInc = DMA_MINC_ENABLE;
 103:Src/dac.c     ****     hdma_dac1_ch1.Init.PeriphDataAlignment = DMA_PDATAALIGN_WORD;
 104:Src/dac.c     ****     hdma_dac1_ch1.Init.MemDataAlignment = DMA_MDATAALIGN_WORD;
 105:Src/dac.c     ****     hdma_dac1_ch1.Init.Mode = DMA_NORMAL;
 106:Src/dac.c     ****     hdma_dac1_ch1.Init.Priority = DMA_PRIORITY_LOW;
 107:Src/dac.c     ****     hdma_dac1_ch1.Init.FIFOMode = DMA_FIFOMODE_DISABLE;
 108:Src/dac.c     ****     if (HAL_DMA_Init(&hdma_dac1_ch1) != HAL_OK)
 109:Src/dac.c     ****     {
 110:Src/dac.c     ****       Error_Handler();
 111:Src/dac.c     ****     }
 112:Src/dac.c     **** 
 113:Src/dac.c     ****     __HAL_LINKDMA(dacHandle,DMA_Handle1,hdma_dac1_ch1);
 114:Src/dac.c     **** 
 115:Src/dac.c     ****     /* DAC1_CH2 Init */
 116:Src/dac.c     ****     hdma_dac1_ch2.Instance = DMA1_Stream3;
 117:Src/dac.c     ****     hdma_dac1_ch2.Init.Request = DMA_REQUEST_DAC2;
 118:Src/dac.c     ****     hdma_dac1_ch2.Init.Direction = DMA_MEMORY_TO_PERIPH;
ARM GAS  C:\Users\simon\AppData\Local\Temp\ccWmqVeu.s 			page 6


 119:Src/dac.c     ****     hdma_dac1_ch2.Init.PeriphInc = DMA_PINC_DISABLE;
 120:Src/dac.c     ****     hdma_dac1_ch2.Init.MemInc = DMA_MINC_ENABLE;
 121:Src/dac.c     ****     hdma_dac1_ch2.Init.PeriphDataAlignment = DMA_PDATAALIGN_WORD;
 122:Src/dac.c     ****     hdma_dac1_ch2.Init.MemDataAlignment = DMA_MDATAALIGN_WORD;
 123:Src/dac.c     ****     hdma_dac1_ch2.Init.Mode = DMA_NORMAL;
 124:Src/dac.c     ****     hdma_dac1_ch2.Init.Priority = DMA_PRIORITY_LOW;
 125:Src/dac.c     ****     hdma_dac1_ch2.Init.FIFOMode = DMA_FIFOMODE_DISABLE;
 126:Src/dac.c     ****     if (HAL_DMA_Init(&hdma_dac1_ch2) != HAL_OK)
 127:Src/dac.c     ****     {
 128:Src/dac.c     ****       Error_Handler();
 129:Src/dac.c     ****     }
 130:Src/dac.c     **** 
 131:Src/dac.c     ****     __HAL_LINKDMA(dacHandle,DMA_Handle2,hdma_dac1_ch2);
 132:Src/dac.c     **** 
 133:Src/dac.c     ****   /* USER CODE BEGIN DAC1_MspInit 1 */
 134:Src/dac.c     **** 
 135:Src/dac.c     ****   /* USER CODE END DAC1_MspInit 1 */
 136:Src/dac.c     ****   }
 137:Src/dac.c     **** }
 168              		.loc 1 137 1 view .LVU36
 169 0018 08B0     		add	sp, sp, #32
 170              	.LCFI6:
 171              		.cfi_remember_state
 172              		.cfi_def_cfa_offset 8
 173              		@ sp needed
 174 001a 10BD     		pop	{r4, pc}
 175              	.LVL9:
 176              	.L16:
 177              	.LCFI7:
 178              		.cfi_restore_state
 179              		.loc 1 137 1 view .LVU37
 180 001c 0446     		mov	r4, r0
  84:Src/dac.c     **** 
 181              		.loc 1 84 5 is_stmt 1 view .LVU38
 182              	.LBB2:
  84:Src/dac.c     **** 
 183              		.loc 1 84 5 view .LVU39
  84:Src/dac.c     **** 
 184              		.loc 1 84 5 view .LVU40
 185 001e 304B     		ldr	r3, .L19+4
 186 0020 D3F8E820 		ldr	r2, [r3, #232]
 187 0024 42F00052 		orr	r2, r2, #536870912
 188 0028 C3F8E820 		str	r2, [r3, #232]
  84:Src/dac.c     **** 
 189              		.loc 1 84 5 view .LVU41
 190 002c D3F8E820 		ldr	r2, [r3, #232]
 191 0030 02F00052 		and	r2, r2, #536870912
 192 0034 0192     		str	r2, [sp, #4]
  84:Src/dac.c     **** 
 193              		.loc 1 84 5 view .LVU42
 194 0036 019A     		ldr	r2, [sp, #4]
 195              	.LBE2:
  84:Src/dac.c     **** 
 196              		.loc 1 84 5 view .LVU43
  86:Src/dac.c     ****     /**DAC1 GPIO Configuration
 197              		.loc 1 86 5 view .LVU44
 198              	.LBB3:
ARM GAS  C:\Users\simon\AppData\Local\Temp\ccWmqVeu.s 			page 7


  86:Src/dac.c     ****     /**DAC1 GPIO Configuration
 199              		.loc 1 86 5 view .LVU45
  86:Src/dac.c     ****     /**DAC1 GPIO Configuration
 200              		.loc 1 86 5 view .LVU46
 201 0038 D3F8E020 		ldr	r2, [r3, #224]
 202 003c 42F00102 		orr	r2, r2, #1
 203 0040 C3F8E020 		str	r2, [r3, #224]
  86:Src/dac.c     ****     /**DAC1 GPIO Configuration
 204              		.loc 1 86 5 view .LVU47
 205 0044 D3F8E030 		ldr	r3, [r3, #224]
 206 0048 03F00103 		and	r3, r3, #1
 207 004c 0293     		str	r3, [sp, #8]
  86:Src/dac.c     ****     /**DAC1 GPIO Configuration
 208              		.loc 1 86 5 view .LVU48
 209 004e 029B     		ldr	r3, [sp, #8]
 210              	.LBE3:
  86:Src/dac.c     ****     /**DAC1 GPIO Configuration
 211              		.loc 1 86 5 view .LVU49
  91:Src/dac.c     ****     GPIO_InitStruct.Mode = GPIO_MODE_ANALOG;
 212              		.loc 1 91 5 view .LVU50
  91:Src/dac.c     ****     GPIO_InitStruct.Mode = GPIO_MODE_ANALOG;
 213              		.loc 1 91 25 is_stmt 0 view .LVU51
 214 0050 3023     		movs	r3, #48
 215 0052 0393     		str	r3, [sp, #12]
  92:Src/dac.c     ****     GPIO_InitStruct.Pull = GPIO_NOPULL;
 216              		.loc 1 92 5 is_stmt 1 view .LVU52
  92:Src/dac.c     ****     GPIO_InitStruct.Pull = GPIO_NOPULL;
 217              		.loc 1 92 26 is_stmt 0 view .LVU53
 218 0054 0323     		movs	r3, #3
 219 0056 0493     		str	r3, [sp, #16]
  93:Src/dac.c     ****     HAL_GPIO_Init(GPIOA, &GPIO_InitStruct);
 220              		.loc 1 93 5 is_stmt 1 view .LVU54
  94:Src/dac.c     **** 
 221              		.loc 1 94 5 view .LVU55
 222 0058 03A9     		add	r1, sp, #12
 223 005a 2248     		ldr	r0, .L19+8
 224              	.LVL10:
  94:Src/dac.c     **** 
 225              		.loc 1 94 5 is_stmt 0 view .LVU56
 226 005c FFF7FEFF 		bl	HAL_GPIO_Init
 227              	.LVL11:
  98:Src/dac.c     ****     hdma_dac1_ch1.Init.Request = DMA_REQUEST_DAC1;
 228              		.loc 1 98 5 is_stmt 1 view .LVU57
  98:Src/dac.c     ****     hdma_dac1_ch1.Init.Request = DMA_REQUEST_DAC1;
 229              		.loc 1 98 28 is_stmt 0 view .LVU58
 230 0060 2148     		ldr	r0, .L19+12
 231 0062 224B     		ldr	r3, .L19+16
 232 0064 0360     		str	r3, [r0]
  99:Src/dac.c     ****     hdma_dac1_ch1.Init.Direction = DMA_MEMORY_TO_PERIPH;
 233              		.loc 1 99 5 is_stmt 1 view .LVU59
  99:Src/dac.c     ****     hdma_dac1_ch1.Init.Direction = DMA_MEMORY_TO_PERIPH;
 234              		.loc 1 99 32 is_stmt 0 view .LVU60
 235 0066 4323     		movs	r3, #67
 236 0068 4360     		str	r3, [r0, #4]
 100:Src/dac.c     ****     hdma_dac1_ch1.Init.PeriphInc = DMA_PINC_DISABLE;
 237              		.loc 1 100 5 is_stmt 1 view .LVU61
 100:Src/dac.c     ****     hdma_dac1_ch1.Init.PeriphInc = DMA_PINC_DISABLE;
ARM GAS  C:\Users\simon\AppData\Local\Temp\ccWmqVeu.s 			page 8


 238              		.loc 1 100 34 is_stmt 0 view .LVU62
 239 006a 4023     		movs	r3, #64
 240 006c 8360     		str	r3, [r0, #8]
 101:Src/dac.c     ****     hdma_dac1_ch1.Init.MemInc = DMA_MINC_ENABLE;
 241              		.loc 1 101 5 is_stmt 1 view .LVU63
 101:Src/dac.c     ****     hdma_dac1_ch1.Init.MemInc = DMA_MINC_ENABLE;
 242              		.loc 1 101 34 is_stmt 0 view .LVU64
 243 006e 0023     		movs	r3, #0
 244 0070 C360     		str	r3, [r0, #12]
 102:Src/dac.c     ****     hdma_dac1_ch1.Init.PeriphDataAlignment = DMA_PDATAALIGN_WORD;
 245              		.loc 1 102 5 is_stmt 1 view .LVU65
 102:Src/dac.c     ****     hdma_dac1_ch1.Init.PeriphDataAlignment = DMA_PDATAALIGN_WORD;
 246              		.loc 1 102 31 is_stmt 0 view .LVU66
 247 0072 4FF48062 		mov	r2, #1024
 248 0076 0261     		str	r2, [r0, #16]
 103:Src/dac.c     ****     hdma_dac1_ch1.Init.MemDataAlignment = DMA_MDATAALIGN_WORD;
 249              		.loc 1 103 5 is_stmt 1 view .LVU67
 103:Src/dac.c     ****     hdma_dac1_ch1.Init.MemDataAlignment = DMA_MDATAALIGN_WORD;
 250              		.loc 1 103 44 is_stmt 0 view .LVU68
 251 0078 4FF48052 		mov	r2, #4096
 252 007c 4261     		str	r2, [r0, #20]
 104:Src/dac.c     ****     hdma_dac1_ch1.Init.Mode = DMA_NORMAL;
 253              		.loc 1 104 5 is_stmt 1 view .LVU69
 104:Src/dac.c     ****     hdma_dac1_ch1.Init.Mode = DMA_NORMAL;
 254              		.loc 1 104 41 is_stmt 0 view .LVU70
 255 007e 4FF48042 		mov	r2, #16384
 256 0082 8261     		str	r2, [r0, #24]
 105:Src/dac.c     ****     hdma_dac1_ch1.Init.Priority = DMA_PRIORITY_LOW;
 257              		.loc 1 105 5 is_stmt 1 view .LVU71
 105:Src/dac.c     ****     hdma_dac1_ch1.Init.Priority = DMA_PRIORITY_LOW;
 258              		.loc 1 105 29 is_stmt 0 view .LVU72
 259 0084 C361     		str	r3, [r0, #28]
 106:Src/dac.c     ****     hdma_dac1_ch1.Init.FIFOMode = DMA_FIFOMODE_DISABLE;
 260              		.loc 1 106 5 is_stmt 1 view .LVU73
 106:Src/dac.c     ****     hdma_dac1_ch1.Init.FIFOMode = DMA_FIFOMODE_DISABLE;
 261              		.loc 1 106 33 is_stmt 0 view .LVU74
 262 0086 0362     		str	r3, [r0, #32]
 107:Src/dac.c     ****     if (HAL_DMA_Init(&hdma_dac1_ch1) != HAL_OK)
 263              		.loc 1 107 5 is_stmt 1 view .LVU75
 107:Src/dac.c     ****     if (HAL_DMA_Init(&hdma_dac1_ch1) != HAL_OK)
 264              		.loc 1 107 33 is_stmt 0 view .LVU76
 265 0088 4362     		str	r3, [r0, #36]
 108:Src/dac.c     ****     {
 266              		.loc 1 108 5 is_stmt 1 view .LVU77
 108:Src/dac.c     ****     {
 267              		.loc 1 108 9 is_stmt 0 view .LVU78
 268 008a FFF7FEFF 		bl	HAL_DMA_Init
 269              	.LVL12:
 108:Src/dac.c     ****     {
 270              		.loc 1 108 8 view .LVU79
 271 008e F0B9     		cbnz	r0, .L17
 272              	.L13:
 113:Src/dac.c     **** 
 273              		.loc 1 113 5 is_stmt 1 view .LVU80
 113:Src/dac.c     **** 
 274              		.loc 1 113 5 view .LVU81
 275 0090 154B     		ldr	r3, .L19+12
ARM GAS  C:\Users\simon\AppData\Local\Temp\ccWmqVeu.s 			page 9


 276 0092 A360     		str	r3, [r4, #8]
 113:Src/dac.c     **** 
 277              		.loc 1 113 5 view .LVU82
 278 0094 9C63     		str	r4, [r3, #56]
 113:Src/dac.c     **** 
 279              		.loc 1 113 5 view .LVU83
 116:Src/dac.c     ****     hdma_dac1_ch2.Init.Request = DMA_REQUEST_DAC2;
 280              		.loc 1 116 5 view .LVU84
 116:Src/dac.c     ****     hdma_dac1_ch2.Init.Request = DMA_REQUEST_DAC2;
 281              		.loc 1 116 28 is_stmt 0 view .LVU85
 282 0096 1648     		ldr	r0, .L19+20
 283 0098 164B     		ldr	r3, .L19+24
 284 009a 0360     		str	r3, [r0]
 117:Src/dac.c     ****     hdma_dac1_ch2.Init.Direction = DMA_MEMORY_TO_PERIPH;
 285              		.loc 1 117 5 is_stmt 1 view .LVU86
 117:Src/dac.c     ****     hdma_dac1_ch2.Init.Direction = DMA_MEMORY_TO_PERIPH;
 286              		.loc 1 117 32 is_stmt 0 view .LVU87
 287 009c 4423     		movs	r3, #68
 288 009e 4360     		str	r3, [r0, #4]
 118:Src/dac.c     ****     hdma_dac1_ch2.Init.PeriphInc = DMA_PINC_DISABLE;
 289              		.loc 1 118 5 is_stmt 1 view .LVU88
 118:Src/dac.c     ****     hdma_dac1_ch2.Init.PeriphInc = DMA_PINC_DISABLE;
 290              		.loc 1 118 34 is_stmt 0 view .LVU89
 291 00a0 4023     		movs	r3, #64
 292 00a2 8360     		str	r3, [r0, #8]
 119:Src/dac.c     ****     hdma_dac1_ch2.Init.MemInc = DMA_MINC_ENABLE;
 293              		.loc 1 119 5 is_stmt 1 view .LVU90
 119:Src/dac.c     ****     hdma_dac1_ch2.Init.MemInc = DMA_MINC_ENABLE;
 294              		.loc 1 119 34 is_stmt 0 view .LVU91
 295 00a4 0023     		movs	r3, #0
 296 00a6 C360     		str	r3, [r0, #12]
 120:Src/dac.c     ****     hdma_dac1_ch2.Init.PeriphDataAlignment = DMA_PDATAALIGN_WORD;
 297              		.loc 1 120 5 is_stmt 1 view .LVU92
 120:Src/dac.c     ****     hdma_dac1_ch2.Init.PeriphDataAlignment = DMA_PDATAALIGN_WORD;
 298              		.loc 1 120 31 is_stmt 0 view .LVU93
 299 00a8 4FF48062 		mov	r2, #1024
 300 00ac 0261     		str	r2, [r0, #16]
 121:Src/dac.c     ****     hdma_dac1_ch2.Init.MemDataAlignment = DMA_MDATAALIGN_WORD;
 301              		.loc 1 121 5 is_stmt 1 view .LVU94
 121:Src/dac.c     ****     hdma_dac1_ch2.Init.MemDataAlignment = DMA_MDATAALIGN_WORD;
 302              		.loc 1 121 44 is_stmt 0 view .LVU95
 303 00ae 4FF48052 		mov	r2, #4096
 304 00b2 4261     		str	r2, [r0, #20]
 122:Src/dac.c     ****     hdma_dac1_ch2.Init.Mode = DMA_NORMAL;
 305              		.loc 1 122 5 is_stmt 1 view .LVU96
 122:Src/dac.c     ****     hdma_dac1_ch2.Init.Mode = DMA_NORMAL;
 306              		.loc 1 122 41 is_stmt 0 view .LVU97
 307 00b4 4FF48042 		mov	r2, #16384
 308 00b8 8261     		str	r2, [r0, #24]
 123:Src/dac.c     ****     hdma_dac1_ch2.Init.Priority = DMA_PRIORITY_LOW;
 309              		.loc 1 123 5 is_stmt 1 view .LVU98
 123:Src/dac.c     ****     hdma_dac1_ch2.Init.Priority = DMA_PRIORITY_LOW;
 310              		.loc 1 123 29 is_stmt 0 view .LVU99
 311 00ba C361     		str	r3, [r0, #28]
 124:Src/dac.c     ****     hdma_dac1_ch2.Init.FIFOMode = DMA_FIFOMODE_DISABLE;
 312              		.loc 1 124 5 is_stmt 1 view .LVU100
 124:Src/dac.c     ****     hdma_dac1_ch2.Init.FIFOMode = DMA_FIFOMODE_DISABLE;
ARM GAS  C:\Users\simon\AppData\Local\Temp\ccWmqVeu.s 			page 10


 313              		.loc 1 124 33 is_stmt 0 view .LVU101
 314 00bc 0362     		str	r3, [r0, #32]
 125:Src/dac.c     ****     if (HAL_DMA_Init(&hdma_dac1_ch2) != HAL_OK)
 315              		.loc 1 125 5 is_stmt 1 view .LVU102
 125:Src/dac.c     ****     if (HAL_DMA_Init(&hdma_dac1_ch2) != HAL_OK)
 316              		.loc 1 125 33 is_stmt 0 view .LVU103
 317 00be 4362     		str	r3, [r0, #36]
 126:Src/dac.c     ****     {
 318              		.loc 1 126 5 is_stmt 1 view .LVU104
 126:Src/dac.c     ****     {
 319              		.loc 1 126 9 is_stmt 0 view .LVU105
 320 00c0 FFF7FEFF 		bl	HAL_DMA_Init
 321              	.LVL13:
 126:Src/dac.c     ****     {
 322              		.loc 1 126 8 view .LVU106
 323 00c4 30B9     		cbnz	r0, .L18
 324              	.L14:
 131:Src/dac.c     **** 
 325              		.loc 1 131 5 is_stmt 1 view .LVU107
 131:Src/dac.c     **** 
 326              		.loc 1 131 5 view .LVU108
 327 00c6 0A4B     		ldr	r3, .L19+20
 328 00c8 E360     		str	r3, [r4, #12]
 131:Src/dac.c     **** 
 329              		.loc 1 131 5 view .LVU109
 330 00ca 9C63     		str	r4, [r3, #56]
 131:Src/dac.c     **** 
 331              		.loc 1 131 5 view .LVU110
 332              		.loc 1 137 1 is_stmt 0 view .LVU111
 333 00cc A4E7     		b	.L11
 334              	.L17:
 110:Src/dac.c     ****     }
 335              		.loc 1 110 7 is_stmt 1 view .LVU112
 336 00ce FFF7FEFF 		bl	Error_Handler
 337              	.LVL14:
 338 00d2 DDE7     		b	.L13
 339              	.L18:
 128:Src/dac.c     ****     }
 340              		.loc 1 128 7 view .LVU113
 341 00d4 FFF7FEFF 		bl	Error_Handler
 342              	.LVL15:
 343 00d8 F5E7     		b	.L14
 344              	.L20:
 345 00da 00BF     		.align	2
 346              	.L19:
 347 00dc 00740040 		.word	1073771520
 348 00e0 00440258 		.word	1476543488
 349 00e4 00000258 		.word	1476526080
 350 00e8 00000000 		.word	.LANCHOR1
 351 00ec 40000240 		.word	1073872960
 352 00f0 00000000 		.word	.LANCHOR2
 353 00f4 58000240 		.word	1073872984
 354              		.cfi_endproc
 355              	.LFE332:
 357              		.section	.text.HAL_DAC_MspDeInit,"ax",%progbits
 358              		.align	1
 359              		.global	HAL_DAC_MspDeInit
ARM GAS  C:\Users\simon\AppData\Local\Temp\ccWmqVeu.s 			page 11


 360              		.syntax unified
 361              		.thumb
 362              		.thumb_func
 364              	HAL_DAC_MspDeInit:
 365              	.LVL16:
 366              	.LFB333:
 138:Src/dac.c     **** 
 139:Src/dac.c     **** void HAL_DAC_MspDeInit(DAC_HandleTypeDef* dacHandle)
 140:Src/dac.c     **** {
 367              		.loc 1 140 1 view -0
 368              		.cfi_startproc
 369              		@ args = 0, pretend = 0, frame = 0
 370              		@ frame_needed = 0, uses_anonymous_args = 0
 141:Src/dac.c     **** 
 142:Src/dac.c     ****   if(dacHandle->Instance==DAC1)
 371              		.loc 1 142 3 view .LVU115
 372              		.loc 1 142 15 is_stmt 0 view .LVU116
 373 0000 0268     		ldr	r2, [r0]
 374              		.loc 1 142 5 view .LVU117
 375 0002 0C4B     		ldr	r3, .L28
 376 0004 9A42     		cmp	r2, r3
 377 0006 00D0     		beq	.L27
 378 0008 7047     		bx	lr
 379              	.L27:
 140:Src/dac.c     **** 
 380              		.loc 1 140 1 view .LVU118
 381 000a 10B5     		push	{r4, lr}
 382              	.LCFI8:
 383              		.cfi_def_cfa_offset 8
 384              		.cfi_offset 4, -8
 385              		.cfi_offset 14, -4
 386 000c 0446     		mov	r4, r0
 143:Src/dac.c     ****   {
 144:Src/dac.c     ****   /* USER CODE BEGIN DAC1_MspDeInit 0 */
 145:Src/dac.c     **** 
 146:Src/dac.c     ****   /* USER CODE END DAC1_MspDeInit 0 */
 147:Src/dac.c     ****     /* Peripheral clock disable */
 148:Src/dac.c     ****     __HAL_RCC_DAC12_CLK_DISABLE();
 387              		.loc 1 148 5 is_stmt 1 view .LVU119
 388 000e 0A4A     		ldr	r2, .L28+4
 389 0010 D2F8E830 		ldr	r3, [r2, #232]
 390 0014 23F00053 		bic	r3, r3, #536870912
 391 0018 C2F8E830 		str	r3, [r2, #232]
 149:Src/dac.c     **** 
 150:Src/dac.c     ****     /**DAC1 GPIO Configuration
 151:Src/dac.c     ****     PA5     ------> DAC1_OUT2
 152:Src/dac.c     ****     PA4     ------> DAC1_OUT1
 153:Src/dac.c     ****     */
 154:Src/dac.c     ****     HAL_GPIO_DeInit(GPIOA, GPIO_PIN_5|GPIO_PIN_4);
 392              		.loc 1 154 5 view .LVU120
 393 001c 3021     		movs	r1, #48
 394 001e 0748     		ldr	r0, .L28+8
 395              	.LVL17:
 396              		.loc 1 154 5 is_stmt 0 view .LVU121
 397 0020 FFF7FEFF 		bl	HAL_GPIO_DeInit
 398              	.LVL18:
 155:Src/dac.c     **** 
ARM GAS  C:\Users\simon\AppData\Local\Temp\ccWmqVeu.s 			page 12


 156:Src/dac.c     ****     /* DAC1 DMA DeInit */
 157:Src/dac.c     ****     HAL_DMA_DeInit(dacHandle->DMA_Handle1);
 399              		.loc 1 157 5 is_stmt 1 view .LVU122
 400 0024 A068     		ldr	r0, [r4, #8]
 401 0026 FFF7FEFF 		bl	HAL_DMA_DeInit
 402              	.LVL19:
 158:Src/dac.c     ****     HAL_DMA_DeInit(dacHandle->DMA_Handle2);
 403              		.loc 1 158 5 view .LVU123
 404 002a E068     		ldr	r0, [r4, #12]
 405 002c FFF7FEFF 		bl	HAL_DMA_DeInit
 406              	.LVL20:
 159:Src/dac.c     ****   /* USER CODE BEGIN DAC1_MspDeInit 1 */
 160:Src/dac.c     **** 
 161:Src/dac.c     ****   /* USER CODE END DAC1_MspDeInit 1 */
 162:Src/dac.c     ****   }
 163:Src/dac.c     **** }
 407              		.loc 1 163 1 is_stmt 0 view .LVU124
 408 0030 10BD     		pop	{r4, pc}
 409              	.LVL21:
 410              	.L29:
 411              		.loc 1 163 1 view .LVU125
 412 0032 00BF     		.align	2
 413              	.L28:
 414 0034 00740040 		.word	1073771520
 415 0038 00440258 		.word	1476543488
 416 003c 00000258 		.word	1476526080
 417              		.cfi_endproc
 418              	.LFE333:
 420              		.global	hdma_dac1_ch2
 421              		.global	hdma_dac1_ch1
 422              		.global	hdac1
 423              		.section	.bss.hdac1,"aw",%nobits
 424              		.align	2
 425              		.set	.LANCHOR0,. + 0
 428              	hdac1:
 429 0000 00000000 		.space	20
 429      00000000 
 429      00000000 
 429      00000000 
 429      00000000 
 430              		.section	.bss.hdma_dac1_ch1,"aw",%nobits
 431              		.align	2
 432              		.set	.LANCHOR1,. + 0
 435              	hdma_dac1_ch1:
 436 0000 00000000 		.space	120
 436      00000000 
 436      00000000 
 436      00000000 
 436      00000000 
 437              		.section	.bss.hdma_dac1_ch2,"aw",%nobits
 438              		.align	2
 439              		.set	.LANCHOR2,. + 0
 442              	hdma_dac1_ch2:
 443 0000 00000000 		.space	120
 443      00000000 
 443      00000000 
 443      00000000 
ARM GAS  C:\Users\simon\AppData\Local\Temp\ccWmqVeu.s 			page 13


 443      00000000 
 444              		.text
 445              	.Letext0:
 446              		.file 2 "c:\\nes\\arm\\10 2021.10\\arm-none-eabi\\include\\machine\\_default_types.h"
 447              		.file 3 "c:\\nes\\arm\\10 2021.10\\arm-none-eabi\\include\\sys\\_stdint.h"
 448              		.file 4 "Drivers/CMSIS/Device/ST/STM32H7xx/Include/stm32h743xx.h"
 449              		.file 5 "Drivers/STM32H7xx_HAL_Driver/Inc/stm32h7xx_hal_def.h"
 450              		.file 6 "Drivers/STM32H7xx_HAL_Driver/Inc/stm32h7xx_hal_gpio.h"
 451              		.file 7 "Drivers/STM32H7xx_HAL_Driver/Inc/stm32h7xx_hal_dma.h"
 452              		.file 8 "Drivers/STM32H7xx_HAL_Driver/Inc/stm32h7xx_hal_dac.h"
 453              		.file 9 "Inc/dac.h"
 454              		.file 10 "Inc/main.h"
 455              		.file 11 "<built-in>"
ARM GAS  C:\Users\simon\AppData\Local\Temp\ccWmqVeu.s 			page 14


DEFINED SYMBOLS
                            *ABS*:00000000 dac.c
C:\Users\simon\AppData\Local\Temp\ccWmqVeu.s:19     .text.MX_DAC1_Init:00000000 $t
C:\Users\simon\AppData\Local\Temp\ccWmqVeu.s:25     .text.MX_DAC1_Init:00000000 MX_DAC1_Init
C:\Users\simon\AppData\Local\Temp\ccWmqVeu.s:123    .text.MX_DAC1_Init:00000058 $d
C:\Users\simon\AppData\Local\Temp\ccWmqVeu.s:129    .text.HAL_DAC_MspInit:00000000 $t
C:\Users\simon\AppData\Local\Temp\ccWmqVeu.s:135    .text.HAL_DAC_MspInit:00000000 HAL_DAC_MspInit
C:\Users\simon\AppData\Local\Temp\ccWmqVeu.s:347    .text.HAL_DAC_MspInit:000000dc $d
C:\Users\simon\AppData\Local\Temp\ccWmqVeu.s:358    .text.HAL_DAC_MspDeInit:00000000 $t
C:\Users\simon\AppData\Local\Temp\ccWmqVeu.s:364    .text.HAL_DAC_MspDeInit:00000000 HAL_DAC_MspDeInit
C:\Users\simon\AppData\Local\Temp\ccWmqVeu.s:414    .text.HAL_DAC_MspDeInit:00000034 $d
C:\Users\simon\AppData\Local\Temp\ccWmqVeu.s:442    .bss.hdma_dac1_ch2:00000000 hdma_dac1_ch2
C:\Users\simon\AppData\Local\Temp\ccWmqVeu.s:435    .bss.hdma_dac1_ch1:00000000 hdma_dac1_ch1
C:\Users\simon\AppData\Local\Temp\ccWmqVeu.s:428    .bss.hdac1:00000000 hdac1
C:\Users\simon\AppData\Local\Temp\ccWmqVeu.s:424    .bss.hdac1:00000000 $d
C:\Users\simon\AppData\Local\Temp\ccWmqVeu.s:431    .bss.hdma_dac1_ch1:00000000 $d
C:\Users\simon\AppData\Local\Temp\ccWmqVeu.s:438    .bss.hdma_dac1_ch2:00000000 $d

UNDEFINED SYMBOLS
memset
HAL_DAC_Init
HAL_DAC_ConfigChannel
Error_Handler
HAL_GPIO_Init
HAL_DMA_Init
HAL_GPIO_DeInit
HAL_DMA_DeInit
