ARM GAS  C:\Users\simon\AppData\Local\Temp\ccNl1Nje.s 			page 1


   1              		.cpu cortex-m7
   2              		.arch armv7e-m
   3              		.fpu fpv5-d16
   4              		.eabi_attribute 28, 1
   5              		.eabi_attribute 20, 1
   6              		.eabi_attribute 21, 1
   7              		.eabi_attribute 23, 3
   8              		.eabi_attribute 24, 1
   9              		.eabi_attribute 25, 1
  10              		.eabi_attribute 26, 1
  11              		.eabi_attribute 30, 1
  12              		.eabi_attribute 34, 1
  13              		.eabi_attribute 18, 4
  14              		.file	"hrtim.c"
  15              		.text
  16              	.Ltext0:
  17              		.cfi_sections	.debug_frame
  18              		.section	.text.HAL_HRTIM_MspInit,"ax",%progbits
  19              		.align	1
  20              		.global	HAL_HRTIM_MspInit
  21              		.syntax unified
  22              		.thumb
  23              		.thumb_func
  25              	HAL_HRTIM_MspInit:
  26              	.LVL0:
  27              	.LFB332:
  28              		.file 1 "Src/hrtim.c"
   1:Src/hrtim.c   **** /**
   2:Src/hrtim.c   ****   ******************************************************************************
   3:Src/hrtim.c   ****   * @file    hrtim.c
   4:Src/hrtim.c   ****   * @brief   This file provides code for the configuration
   5:Src/hrtim.c   ****   *          of the HRTIM instances.
   6:Src/hrtim.c   ****   ******************************************************************************
   7:Src/hrtim.c   ****   * @attention
   8:Src/hrtim.c   ****   *
   9:Src/hrtim.c   ****   * <h2><center>&copy; Copyright (c) 2026 STMicroelectronics.
  10:Src/hrtim.c   ****   * All rights reserved.</center></h2>
  11:Src/hrtim.c   ****   *
  12:Src/hrtim.c   ****   * This software component is licensed by ST under BSD 3-Clause license,
  13:Src/hrtim.c   ****   * the "License"; You may not use this file except in compliance with the
  14:Src/hrtim.c   ****   * License. You may obtain a copy of the License at:
  15:Src/hrtim.c   ****   *                        opensource.org/licenses/BSD-3-Clause
  16:Src/hrtim.c   ****   *
  17:Src/hrtim.c   ****   ******************************************************************************
  18:Src/hrtim.c   ****   */
  19:Src/hrtim.c   **** 
  20:Src/hrtim.c   **** /* Includes ------------------------------------------------------------------*/
  21:Src/hrtim.c   **** #include "hrtim.h"
  22:Src/hrtim.c   **** 
  23:Src/hrtim.c   **** /* USER CODE BEGIN 0 */
  24:Src/hrtim.c   **** 
  25:Src/hrtim.c   **** /* USER CODE END 0 */
  26:Src/hrtim.c   **** 
  27:Src/hrtim.c   **** HRTIM_HandleTypeDef hhrtim;
  28:Src/hrtim.c   **** 
  29:Src/hrtim.c   **** /* HRTIM init function */
  30:Src/hrtim.c   **** void MX_HRTIM_Init(void)
ARM GAS  C:\Users\simon\AppData\Local\Temp\ccNl1Nje.s 			page 2


  31:Src/hrtim.c   **** {
  32:Src/hrtim.c   **** 
  33:Src/hrtim.c   ****   /* USER CODE BEGIN HRTIM_Init 0 */
  34:Src/hrtim.c   **** 
  35:Src/hrtim.c   ****   /* USER CODE END HRTIM_Init 0 */
  36:Src/hrtim.c   **** 
  37:Src/hrtim.c   ****   HRTIM_FaultCfgTypeDef pFaultCfg = {0};
  38:Src/hrtim.c   ****   HRTIM_TimeBaseCfgTypeDef pTimeBaseCfg = {0};
  39:Src/hrtim.c   ****   HRTIM_TimerCfgTypeDef pTimerCfg = {0};
  40:Src/hrtim.c   ****   HRTIM_OutputCfgTypeDef pOutputCfg = {0};
  41:Src/hrtim.c   **** 
  42:Src/hrtim.c   ****   /* USER CODE BEGIN HRTIM_Init 1 */
  43:Src/hrtim.c   **** 
  44:Src/hrtim.c   ****   /* USER CODE END HRTIM_Init 1 */
  45:Src/hrtim.c   ****   hhrtim.Instance = HRTIM1;
  46:Src/hrtim.c   ****   hhrtim.Init.HRTIMInterruptResquests = HRTIM_IT_NONE;
  47:Src/hrtim.c   ****   hhrtim.Init.SyncOptions = HRTIM_SYNCOPTION_NONE;
  48:Src/hrtim.c   ****   if (HAL_HRTIM_Init(&hhrtim) != HAL_OK)
  49:Src/hrtim.c   ****   {
  50:Src/hrtim.c   ****     Error_Handler();
  51:Src/hrtim.c   ****   }
  52:Src/hrtim.c   ****   if (HAL_HRTIM_FaultPrescalerConfig(&hhrtim, HRTIM_FAULTPRESCALER_DIV1) != HAL_OK)
  53:Src/hrtim.c   ****   {
  54:Src/hrtim.c   ****     Error_Handler();
  55:Src/hrtim.c   ****   }
  56:Src/hrtim.c   ****   pFaultCfg.Source = HRTIM_FAULTSOURCE_DIGITALINPUT;
  57:Src/hrtim.c   ****   pFaultCfg.Polarity = HRTIM_FAULTPOLARITY_HIGH;
  58:Src/hrtim.c   ****   pFaultCfg.Filter = HRTIM_FAULTFILTER_NONE;
  59:Src/hrtim.c   ****   pFaultCfg.Lock = HRTIM_FAULTLOCK_READWRITE;
  60:Src/hrtim.c   ****   if (HAL_HRTIM_FaultConfig(&hhrtim, HRTIM_FAULT_3, &pFaultCfg) != HAL_OK)
  61:Src/hrtim.c   ****   {
  62:Src/hrtim.c   ****     Error_Handler();
  63:Src/hrtim.c   ****   }
  64:Src/hrtim.c   ****   HAL_HRTIM_FaultModeCtl(&hhrtim, HRTIM_FAULT_3, HRTIM_FAULTMODECTL_ENABLED);
  65:Src/hrtim.c   ****   pTimeBaseCfg.Period = 0xFFFD;
  66:Src/hrtim.c   ****   pTimeBaseCfg.RepetitionCounter = 0x00;
  67:Src/hrtim.c   ****   pTimeBaseCfg.PrescalerRatio = HRTIM_PRESCALERRATIO_DIV1;
  68:Src/hrtim.c   ****   pTimeBaseCfg.Mode = HRTIM_MODE_CONTINUOUS;
  69:Src/hrtim.c   ****   if (HAL_HRTIM_TimeBaseConfig(&hhrtim, HRTIM_TIMERINDEX_TIMER_A, &pTimeBaseCfg) != HAL_OK)
  70:Src/hrtim.c   ****   {
  71:Src/hrtim.c   ****     Error_Handler();
  72:Src/hrtim.c   ****   }
  73:Src/hrtim.c   ****   pTimerCfg.InterruptRequests = HRTIM_TIM_IT_NONE;
  74:Src/hrtim.c   ****   pTimerCfg.DMARequests = HRTIM_TIM_DMA_NONE;
  75:Src/hrtim.c   ****   pTimerCfg.DMASrcAddress = 0x0000;
  76:Src/hrtim.c   ****   pTimerCfg.DMADstAddress = 0x0000;
  77:Src/hrtim.c   ****   pTimerCfg.DMASize = 0x1;
  78:Src/hrtim.c   ****   pTimerCfg.HalfModeEnable = HRTIM_HALFMODE_DISABLED;
  79:Src/hrtim.c   ****   pTimerCfg.StartOnSync = HRTIM_SYNCSTART_DISABLED;
  80:Src/hrtim.c   ****   pTimerCfg.ResetOnSync = HRTIM_SYNCRESET_DISABLED;
  81:Src/hrtim.c   ****   pTimerCfg.DACSynchro = HRTIM_DACSYNC_NONE;
  82:Src/hrtim.c   ****   pTimerCfg.PreloadEnable = HRTIM_PRELOAD_DISABLED;
  83:Src/hrtim.c   ****   pTimerCfg.UpdateGating = HRTIM_UPDATEGATING_INDEPENDENT;
  84:Src/hrtim.c   ****   pTimerCfg.BurstMode = HRTIM_TIMERBURSTMODE_MAINTAINCLOCK;
  85:Src/hrtim.c   ****   pTimerCfg.RepetitionUpdate = HRTIM_UPDATEONREPETITION_DISABLED;
  86:Src/hrtim.c   ****   pTimerCfg.PushPull = HRTIM_TIMPUSHPULLMODE_DISABLED;
  87:Src/hrtim.c   ****   pTimerCfg.FaultEnable = HRTIM_TIMFAULTENABLE_NONE;
ARM GAS  C:\Users\simon\AppData\Local\Temp\ccNl1Nje.s 			page 3


  88:Src/hrtim.c   ****   pTimerCfg.FaultLock = HRTIM_TIMFAULTLOCK_READWRITE;
  89:Src/hrtim.c   ****   pTimerCfg.DeadTimeInsertion = HRTIM_TIMDEADTIMEINSERTION_DISABLED;
  90:Src/hrtim.c   ****   pTimerCfg.DelayedProtectionMode = HRTIM_TIMER_A_B_C_DELAYEDPROTECTION_DISABLED;
  91:Src/hrtim.c   ****   pTimerCfg.UpdateTrigger = HRTIM_TIMUPDATETRIGGER_NONE;
  92:Src/hrtim.c   ****   pTimerCfg.ResetTrigger = HRTIM_TIMRESETTRIGGER_NONE;
  93:Src/hrtim.c   ****   pTimerCfg.ResetUpdate = HRTIM_TIMUPDATEONRESET_DISABLED;
  94:Src/hrtim.c   ****   if (HAL_HRTIM_WaveformTimerConfig(&hhrtim, HRTIM_TIMERINDEX_TIMER_A, &pTimerCfg) != HAL_OK)
  95:Src/hrtim.c   ****   {
  96:Src/hrtim.c   ****     Error_Handler();
  97:Src/hrtim.c   ****   }
  98:Src/hrtim.c   ****   pTimerCfg.DelayedProtectionMode = HRTIM_TIMER_D_E_DELAYEDPROTECTION_DISABLED;
  99:Src/hrtim.c   ****   if (HAL_HRTIM_WaveformTimerConfig(&hhrtim, HRTIM_TIMERINDEX_TIMER_E, &pTimerCfg) != HAL_OK)
 100:Src/hrtim.c   ****   {
 101:Src/hrtim.c   ****     Error_Handler();
 102:Src/hrtim.c   ****   }
 103:Src/hrtim.c   ****   pOutputCfg.Polarity = HRTIM_OUTPUTPOLARITY_HIGH;
 104:Src/hrtim.c   ****   pOutputCfg.SetSource = HRTIM_OUTPUTSET_NONE;
 105:Src/hrtim.c   ****   pOutputCfg.ResetSource = HRTIM_OUTPUTRESET_NONE;
 106:Src/hrtim.c   ****   pOutputCfg.IdleMode = HRTIM_OUTPUTIDLEMODE_NONE;
 107:Src/hrtim.c   ****   pOutputCfg.IdleLevel = HRTIM_OUTPUTIDLELEVEL_INACTIVE;
 108:Src/hrtim.c   ****   pOutputCfg.FaultLevel = HRTIM_OUTPUTFAULTLEVEL_NONE;
 109:Src/hrtim.c   ****   pOutputCfg.ChopperModeEnable = HRTIM_OUTPUTCHOPPERMODE_DISABLED;
 110:Src/hrtim.c   ****   pOutputCfg.BurstModeEntryDelayed = HRTIM_OUTPUTBURSTMODEENTRY_REGULAR;
 111:Src/hrtim.c   ****   if (HAL_HRTIM_WaveformOutputConfig(&hhrtim, HRTIM_TIMERINDEX_TIMER_A, HRTIM_OUTPUT_TA1, &pOutputC
 112:Src/hrtim.c   ****   {
 113:Src/hrtim.c   ****     Error_Handler();
 114:Src/hrtim.c   ****   }
 115:Src/hrtim.c   ****   if (HAL_HRTIM_WaveformOutputConfig(&hhrtim, HRTIM_TIMERINDEX_TIMER_E, HRTIM_OUTPUT_TE1, &pOutputC
 116:Src/hrtim.c   ****   {
 117:Src/hrtim.c   ****     Error_Handler();
 118:Src/hrtim.c   ****   }
 119:Src/hrtim.c   ****   if (HAL_HRTIM_WaveformOutputConfig(&hhrtim, HRTIM_TIMERINDEX_TIMER_A, HRTIM_OUTPUT_TA2, &pOutputC
 120:Src/hrtim.c   ****   {
 121:Src/hrtim.c   ****     Error_Handler();
 122:Src/hrtim.c   ****   }
 123:Src/hrtim.c   ****   if (HAL_HRTIM_WaveformOutputConfig(&hhrtim, HRTIM_TIMERINDEX_TIMER_E, HRTIM_OUTPUT_TE2, &pOutputC
 124:Src/hrtim.c   ****   {
 125:Src/hrtim.c   ****     Error_Handler();
 126:Src/hrtim.c   ****   }
 127:Src/hrtim.c   ****   if (HAL_HRTIM_TimeBaseConfig(&hhrtim, HRTIM_TIMERINDEX_TIMER_E, &pTimeBaseCfg) != HAL_OK)
 128:Src/hrtim.c   ****   {
 129:Src/hrtim.c   ****     Error_Handler();
 130:Src/hrtim.c   ****   }
 131:Src/hrtim.c   ****   /* USER CODE BEGIN HRTIM_Init 2 */
 132:Src/hrtim.c   **** 
 133:Src/hrtim.c   ****   /* USER CODE END HRTIM_Init 2 */
 134:Src/hrtim.c   ****   HAL_HRTIM_MspPostInit(&hhrtim);
 135:Src/hrtim.c   **** 
 136:Src/hrtim.c   **** }
 137:Src/hrtim.c   **** 
 138:Src/hrtim.c   **** void HAL_HRTIM_MspInit(HRTIM_HandleTypeDef* hrtimHandle)
 139:Src/hrtim.c   **** {
  29              		.loc 1 139 1 view -0
  30              		.cfi_startproc
  31              		@ args = 0, pretend = 0, frame = 216
  32              		@ frame_needed = 0, uses_anonymous_args = 0
  33              		.loc 1 139 1 is_stmt 0 view .LVU1
ARM GAS  C:\Users\simon\AppData\Local\Temp\ccNl1Nje.s 			page 4


  34 0000 10B5     		push	{r4, lr}
  35              	.LCFI0:
  36              		.cfi_def_cfa_offset 8
  37              		.cfi_offset 4, -8
  38              		.cfi_offset 14, -4
  39 0002 B6B0     		sub	sp, sp, #216
  40              	.LCFI1:
  41              		.cfi_def_cfa_offset 224
  42 0004 0446     		mov	r4, r0
 140:Src/hrtim.c   **** 
 141:Src/hrtim.c   ****   GPIO_InitTypeDef GPIO_InitStruct = {0};
  43              		.loc 1 141 3 is_stmt 1 view .LVU2
  44              		.loc 1 141 20 is_stmt 0 view .LVU3
  45 0006 0021     		movs	r1, #0
  46 0008 3191     		str	r1, [sp, #196]
  47 000a 3291     		str	r1, [sp, #200]
  48 000c 3391     		str	r1, [sp, #204]
  49 000e 3491     		str	r1, [sp, #208]
  50 0010 3591     		str	r1, [sp, #212]
 142:Src/hrtim.c   ****   RCC_PeriphCLKInitTypeDef PeriphClkInitStruct = {0};
  51              		.loc 1 142 3 is_stmt 1 view .LVU4
  52              		.loc 1 142 28 is_stmt 0 view .LVU5
  53 0012 BC22     		movs	r2, #188
  54 0014 02A8     		add	r0, sp, #8
  55              	.LVL1:
  56              		.loc 1 142 28 view .LVU6
  57 0016 FFF7FEFF 		bl	memset
  58              	.LVL2:
 143:Src/hrtim.c   ****   if(hrtimHandle->Instance==HRTIM1)
  59              		.loc 1 143 3 is_stmt 1 view .LVU7
  60              		.loc 1 143 17 is_stmt 0 view .LVU8
  61 001a 2268     		ldr	r2, [r4]
  62              		.loc 1 143 5 view .LVU9
  63 001c 1A4B     		ldr	r3, .L7
  64 001e 9A42     		cmp	r2, r3
  65 0020 01D0     		beq	.L5
  66              	.L1:
 144:Src/hrtim.c   ****   {
 145:Src/hrtim.c   ****   /* USER CODE BEGIN HRTIM1_MspInit 0 */
 146:Src/hrtim.c   **** 
 147:Src/hrtim.c   ****   /* USER CODE END HRTIM1_MspInit 0 */
 148:Src/hrtim.c   ****   /** Initializes the peripherals clock
 149:Src/hrtim.c   ****   */
 150:Src/hrtim.c   ****     PeriphClkInitStruct.PeriphClockSelection = RCC_PERIPHCLK_HRTIM1;
 151:Src/hrtim.c   ****     PeriphClkInitStruct.Hrtim1ClockSelection = RCC_HRTIM1CLK_TIMCLK;
 152:Src/hrtim.c   ****     if (HAL_RCCEx_PeriphCLKConfig(&PeriphClkInitStruct) != HAL_OK)
 153:Src/hrtim.c   ****     {
 154:Src/hrtim.c   ****       Error_Handler();
 155:Src/hrtim.c   ****     }
 156:Src/hrtim.c   **** 
 157:Src/hrtim.c   ****     /* HRTIM1 clock enable */
 158:Src/hrtim.c   ****     __HAL_RCC_HRTIM1_CLK_ENABLE();
 159:Src/hrtim.c   **** 
 160:Src/hrtim.c   ****     __HAL_RCC_GPIOD_CLK_ENABLE();
 161:Src/hrtim.c   ****     /**HRTIM GPIO Configuration
 162:Src/hrtim.c   ****     PD4     ------> HRTIM_FLT3
 163:Src/hrtim.c   ****     */
ARM GAS  C:\Users\simon\AppData\Local\Temp\ccNl1Nje.s 			page 5


 164:Src/hrtim.c   ****     GPIO_InitStruct.Pin = GPIO_PIN_4;
 165:Src/hrtim.c   ****     GPIO_InitStruct.Mode = GPIO_MODE_AF_PP;
 166:Src/hrtim.c   ****     GPIO_InitStruct.Pull = GPIO_NOPULL;
 167:Src/hrtim.c   ****     GPIO_InitStruct.Speed = GPIO_SPEED_FREQ_LOW;
 168:Src/hrtim.c   ****     GPIO_InitStruct.Alternate = GPIO_AF2_HRTIM1;
 169:Src/hrtim.c   ****     HAL_GPIO_Init(GPIOD, &GPIO_InitStruct);
 170:Src/hrtim.c   **** 
 171:Src/hrtim.c   ****   /* USER CODE BEGIN HRTIM1_MspInit 1 */
 172:Src/hrtim.c   **** 
 173:Src/hrtim.c   ****   /* USER CODE END HRTIM1_MspInit 1 */
 174:Src/hrtim.c   ****   }
 175:Src/hrtim.c   **** }
  67              		.loc 1 175 1 view .LVU10
  68 0022 36B0     		add	sp, sp, #216
  69              	.LCFI2:
  70              		.cfi_remember_state
  71              		.cfi_def_cfa_offset 8
  72              		@ sp needed
  73 0024 10BD     		pop	{r4, pc}
  74              	.LVL3:
  75              	.L5:
  76              	.LCFI3:
  77              		.cfi_restore_state
 150:Src/hrtim.c   ****     PeriphClkInitStruct.Hrtim1ClockSelection = RCC_HRTIM1CLK_TIMCLK;
  78              		.loc 1 150 5 is_stmt 1 view .LVU11
 150:Src/hrtim.c   ****     PeriphClkInitStruct.Hrtim1ClockSelection = RCC_HRTIM1CLK_TIMCLK;
  79              		.loc 1 150 46 is_stmt 0 view .LVU12
  80 0026 4FF08053 		mov	r3, #268435456
  81 002a 0293     		str	r3, [sp, #8]
 151:Src/hrtim.c   ****     if (HAL_RCCEx_PeriphCLKConfig(&PeriphClkInitStruct) != HAL_OK)
  82              		.loc 1 151 5 is_stmt 1 view .LVU13
 152:Src/hrtim.c   ****     {
  83              		.loc 1 152 5 view .LVU14
 152:Src/hrtim.c   ****     {
  84              		.loc 1 152 9 is_stmt 0 view .LVU15
  85 002c 02A8     		add	r0, sp, #8
  86 002e FFF7FEFF 		bl	HAL_RCCEx_PeriphCLKConfig
  87              	.LVL4:
 152:Src/hrtim.c   ****     {
  88              		.loc 1 152 8 view .LVU16
  89 0032 28BB     		cbnz	r0, .L6
  90              	.L3:
 158:Src/hrtim.c   **** 
  91              		.loc 1 158 5 is_stmt 1 view .LVU17
  92              	.LBB2:
 158:Src/hrtim.c   **** 
  93              		.loc 1 158 5 view .LVU18
 158:Src/hrtim.c   **** 
  94              		.loc 1 158 5 view .LVU19
  95 0034 154B     		ldr	r3, .L7+4
  96 0036 D3F8F020 		ldr	r2, [r3, #240]
  97 003a 42F00052 		orr	r2, r2, #536870912
  98 003e C3F8F020 		str	r2, [r3, #240]
 158:Src/hrtim.c   **** 
  99              		.loc 1 158 5 view .LVU20
 100 0042 D3F8F020 		ldr	r2, [r3, #240]
 101 0046 02F00052 		and	r2, r2, #536870912
ARM GAS  C:\Users\simon\AppData\Local\Temp\ccNl1Nje.s 			page 6


 102 004a 0092     		str	r2, [sp]
 158:Src/hrtim.c   **** 
 103              		.loc 1 158 5 view .LVU21
 104 004c 009A     		ldr	r2, [sp]
 105              	.LBE2:
 158:Src/hrtim.c   **** 
 106              		.loc 1 158 5 view .LVU22
 160:Src/hrtim.c   ****     /**HRTIM GPIO Configuration
 107              		.loc 1 160 5 view .LVU23
 108              	.LBB3:
 160:Src/hrtim.c   ****     /**HRTIM GPIO Configuration
 109              		.loc 1 160 5 view .LVU24
 160:Src/hrtim.c   ****     /**HRTIM GPIO Configuration
 110              		.loc 1 160 5 view .LVU25
 111 004e D3F8E020 		ldr	r2, [r3, #224]
 112 0052 42F00802 		orr	r2, r2, #8
 113 0056 C3F8E020 		str	r2, [r3, #224]
 160:Src/hrtim.c   ****     /**HRTIM GPIO Configuration
 114              		.loc 1 160 5 view .LVU26
 115 005a D3F8E030 		ldr	r3, [r3, #224]
 116 005e 03F00803 		and	r3, r3, #8
 117 0062 0193     		str	r3, [sp, #4]
 160:Src/hrtim.c   ****     /**HRTIM GPIO Configuration
 118              		.loc 1 160 5 view .LVU27
 119 0064 019B     		ldr	r3, [sp, #4]
 120              	.LBE3:
 160:Src/hrtim.c   ****     /**HRTIM GPIO Configuration
 121              		.loc 1 160 5 view .LVU28
 164:Src/hrtim.c   ****     GPIO_InitStruct.Mode = GPIO_MODE_AF_PP;
 122              		.loc 1 164 5 view .LVU29
 164:Src/hrtim.c   ****     GPIO_InitStruct.Mode = GPIO_MODE_AF_PP;
 123              		.loc 1 164 25 is_stmt 0 view .LVU30
 124 0066 1023     		movs	r3, #16
 125 0068 3193     		str	r3, [sp, #196]
 165:Src/hrtim.c   ****     GPIO_InitStruct.Pull = GPIO_NOPULL;
 126              		.loc 1 165 5 is_stmt 1 view .LVU31
 165:Src/hrtim.c   ****     GPIO_InitStruct.Pull = GPIO_NOPULL;
 127              		.loc 1 165 26 is_stmt 0 view .LVU32
 128 006a 0223     		movs	r3, #2
 129 006c 3293     		str	r3, [sp, #200]
 166:Src/hrtim.c   ****     GPIO_InitStruct.Speed = GPIO_SPEED_FREQ_LOW;
 130              		.loc 1 166 5 is_stmt 1 view .LVU33
 166:Src/hrtim.c   ****     GPIO_InitStruct.Speed = GPIO_SPEED_FREQ_LOW;
 131              		.loc 1 166 26 is_stmt 0 view .LVU34
 132 006e 0022     		movs	r2, #0
 133 0070 3392     		str	r2, [sp, #204]
 167:Src/hrtim.c   ****     GPIO_InitStruct.Alternate = GPIO_AF2_HRTIM1;
 134              		.loc 1 167 5 is_stmt 1 view .LVU35
 167:Src/hrtim.c   ****     GPIO_InitStruct.Alternate = GPIO_AF2_HRTIM1;
 135              		.loc 1 167 27 is_stmt 0 view .LVU36
 136 0072 3492     		str	r2, [sp, #208]
 168:Src/hrtim.c   ****     HAL_GPIO_Init(GPIOD, &GPIO_InitStruct);
 137              		.loc 1 168 5 is_stmt 1 view .LVU37
 168:Src/hrtim.c   ****     HAL_GPIO_Init(GPIOD, &GPIO_InitStruct);
 138              		.loc 1 168 31 is_stmt 0 view .LVU38
 139 0074 3593     		str	r3, [sp, #212]
 169:Src/hrtim.c   **** 
ARM GAS  C:\Users\simon\AppData\Local\Temp\ccNl1Nje.s 			page 7


 140              		.loc 1 169 5 is_stmt 1 view .LVU39
 141 0076 31A9     		add	r1, sp, #196
 142 0078 0548     		ldr	r0, .L7+8
 143 007a FFF7FEFF 		bl	HAL_GPIO_Init
 144              	.LVL5:
 145              		.loc 1 175 1 is_stmt 0 view .LVU40
 146 007e D0E7     		b	.L1
 147              	.L6:
 154:Src/hrtim.c   ****     }
 148              		.loc 1 154 7 is_stmt 1 view .LVU41
 149 0080 FFF7FEFF 		bl	Error_Handler
 150              	.LVL6:
 151 0084 D6E7     		b	.L3
 152              	.L8:
 153 0086 00BF     		.align	2
 154              	.L7:
 155 0088 00740140 		.word	1073837056
 156 008c 00440258 		.word	1476543488
 157 0090 000C0258 		.word	1476529152
 158              		.cfi_endproc
 159              	.LFE332:
 161              		.section	.text.HAL_HRTIM_MspPostInit,"ax",%progbits
 162              		.align	1
 163              		.global	HAL_HRTIM_MspPostInit
 164              		.syntax unified
 165              		.thumb
 166              		.thumb_func
 168              	HAL_HRTIM_MspPostInit:
 169              	.LVL7:
 170              	.LFB333:
 176:Src/hrtim.c   **** 
 177:Src/hrtim.c   **** void HAL_HRTIM_MspPostInit(HRTIM_HandleTypeDef* hrtimHandle)
 178:Src/hrtim.c   **** {
 171              		.loc 1 178 1 view -0
 172              		.cfi_startproc
 173              		@ args = 0, pretend = 0, frame = 32
 174              		@ frame_needed = 0, uses_anonymous_args = 0
 175              		.loc 1 178 1 is_stmt 0 view .LVU43
 176 0000 F0B5     		push	{r4, r5, r6, r7, lr}
 177              	.LCFI4:
 178              		.cfi_def_cfa_offset 20
 179              		.cfi_offset 4, -20
 180              		.cfi_offset 5, -16
 181              		.cfi_offset 6, -12
 182              		.cfi_offset 7, -8
 183              		.cfi_offset 14, -4
 184 0002 89B0     		sub	sp, sp, #36
 185              	.LCFI5:
 186              		.cfi_def_cfa_offset 56
 179:Src/hrtim.c   **** 
 180:Src/hrtim.c   ****   GPIO_InitTypeDef GPIO_InitStruct = {0};
 187              		.loc 1 180 3 is_stmt 1 view .LVU44
 188              		.loc 1 180 20 is_stmt 0 view .LVU45
 189 0004 0023     		movs	r3, #0
 190 0006 0393     		str	r3, [sp, #12]
 191 0008 0493     		str	r3, [sp, #16]
 192 000a 0593     		str	r3, [sp, #20]
ARM GAS  C:\Users\simon\AppData\Local\Temp\ccNl1Nje.s 			page 8


 193 000c 0693     		str	r3, [sp, #24]
 194 000e 0793     		str	r3, [sp, #28]
 181:Src/hrtim.c   ****   if(hrtimHandle->Instance==HRTIM1)
 195              		.loc 1 181 3 is_stmt 1 view .LVU46
 196              		.loc 1 181 17 is_stmt 0 view .LVU47
 197 0010 0268     		ldr	r2, [r0]
 198              		.loc 1 181 5 view .LVU48
 199 0012 254B     		ldr	r3, .L13
 200 0014 9A42     		cmp	r2, r3
 201 0016 01D0     		beq	.L12
 202              	.LVL8:
 203              	.L9:
 182:Src/hrtim.c   ****   {
 183:Src/hrtim.c   ****   /* USER CODE BEGIN HRTIM1_MspPostInit 0 */
 184:Src/hrtim.c   **** 
 185:Src/hrtim.c   ****   /* USER CODE END HRTIM1_MspPostInit 0 */
 186:Src/hrtim.c   **** 
 187:Src/hrtim.c   ****     __HAL_RCC_GPIOE_CLK_ENABLE();
 188:Src/hrtim.c   ****     __HAL_RCC_GPIOC_CLK_ENABLE();
 189:Src/hrtim.c   ****     __HAL_RCC_GPIOG_CLK_ENABLE();
 190:Src/hrtim.c   ****     /**HRTIM GPIO Configuration
 191:Src/hrtim.c   ****     PE1     ------> HRTIM_SCOUT
 192:Src/hrtim.c   ****     PC7     ------> HRTIM_CHA2
 193:Src/hrtim.c   ****     PC6     ------> HRTIM_CHA1
 194:Src/hrtim.c   ****     PG7     ------> HRTIM_CHE2
 195:Src/hrtim.c   ****     PG6     ------> HRTIM_CHE1
 196:Src/hrtim.c   ****     */
 197:Src/hrtim.c   ****     GPIO_InitStruct.Pin = GPIO_PIN_1;
 198:Src/hrtim.c   ****     GPIO_InitStruct.Mode = GPIO_MODE_AF_PP;
 199:Src/hrtim.c   ****     GPIO_InitStruct.Pull = GPIO_NOPULL;
 200:Src/hrtim.c   ****     GPIO_InitStruct.Speed = GPIO_SPEED_FREQ_HIGH;
 201:Src/hrtim.c   ****     GPIO_InitStruct.Alternate = GPIO_AF3_HRTIM1;
 202:Src/hrtim.c   ****     HAL_GPIO_Init(GPIOE, &GPIO_InitStruct);
 203:Src/hrtim.c   **** 
 204:Src/hrtim.c   ****     GPIO_InitStruct.Pin = GPIO_PIN_7|GPIO_PIN_6;
 205:Src/hrtim.c   ****     GPIO_InitStruct.Mode = GPIO_MODE_AF_PP;
 206:Src/hrtim.c   ****     GPIO_InitStruct.Pull = GPIO_NOPULL;
 207:Src/hrtim.c   ****     GPIO_InitStruct.Speed = GPIO_SPEED_FREQ_VERY_HIGH;
 208:Src/hrtim.c   ****     GPIO_InitStruct.Alternate = GPIO_AF1_HRTIM1;
 209:Src/hrtim.c   ****     HAL_GPIO_Init(GPIOC, &GPIO_InitStruct);
 210:Src/hrtim.c   **** 
 211:Src/hrtim.c   ****     GPIO_InitStruct.Pin = GPIO_PIN_7|GPIO_PIN_6;
 212:Src/hrtim.c   ****     GPIO_InitStruct.Mode = GPIO_MODE_AF_PP;
 213:Src/hrtim.c   ****     GPIO_InitStruct.Pull = GPIO_NOPULL;
 214:Src/hrtim.c   ****     GPIO_InitStruct.Speed = GPIO_SPEED_FREQ_VERY_HIGH;
 215:Src/hrtim.c   ****     GPIO_InitStruct.Alternate = GPIO_AF2_HRTIM1;
 216:Src/hrtim.c   ****     HAL_GPIO_Init(GPIOG, &GPIO_InitStruct);
 217:Src/hrtim.c   **** 
 218:Src/hrtim.c   ****   /* USER CODE BEGIN HRTIM1_MspPostInit 1 */
 219:Src/hrtim.c   **** 
 220:Src/hrtim.c   ****   /* USER CODE END HRTIM1_MspPostInit 1 */
 221:Src/hrtim.c   ****   }
 222:Src/hrtim.c   **** 
 223:Src/hrtim.c   **** }
 204              		.loc 1 223 1 view .LVU49
 205 0018 09B0     		add	sp, sp, #36
 206              	.LCFI6:
ARM GAS  C:\Users\simon\AppData\Local\Temp\ccNl1Nje.s 			page 9


 207              		.cfi_remember_state
 208              		.cfi_def_cfa_offset 20
 209              		@ sp needed
 210 001a F0BD     		pop	{r4, r5, r6, r7, pc}
 211              	.LVL9:
 212              	.L12:
 213              	.LCFI7:
 214              		.cfi_restore_state
 187:Src/hrtim.c   ****     __HAL_RCC_GPIOC_CLK_ENABLE();
 215              		.loc 1 187 5 is_stmt 1 view .LVU50
 216              	.LBB4:
 187:Src/hrtim.c   ****     __HAL_RCC_GPIOC_CLK_ENABLE();
 217              		.loc 1 187 5 view .LVU51
 187:Src/hrtim.c   ****     __HAL_RCC_GPIOC_CLK_ENABLE();
 218              		.loc 1 187 5 view .LVU52
 219 001c 234B     		ldr	r3, .L13+4
 220 001e D3F8E020 		ldr	r2, [r3, #224]
 221 0022 42F01002 		orr	r2, r2, #16
 222 0026 C3F8E020 		str	r2, [r3, #224]
 187:Src/hrtim.c   ****     __HAL_RCC_GPIOC_CLK_ENABLE();
 223              		.loc 1 187 5 view .LVU53
 224 002a D3F8E020 		ldr	r2, [r3, #224]
 225 002e 02F01002 		and	r2, r2, #16
 226 0032 0092     		str	r2, [sp]
 187:Src/hrtim.c   ****     __HAL_RCC_GPIOC_CLK_ENABLE();
 227              		.loc 1 187 5 view .LVU54
 228 0034 009A     		ldr	r2, [sp]
 229              	.LBE4:
 187:Src/hrtim.c   ****     __HAL_RCC_GPIOC_CLK_ENABLE();
 230              		.loc 1 187 5 view .LVU55
 188:Src/hrtim.c   ****     __HAL_RCC_GPIOG_CLK_ENABLE();
 231              		.loc 1 188 5 view .LVU56
 232              	.LBB5:
 188:Src/hrtim.c   ****     __HAL_RCC_GPIOG_CLK_ENABLE();
 233              		.loc 1 188 5 view .LVU57
 188:Src/hrtim.c   ****     __HAL_RCC_GPIOG_CLK_ENABLE();
 234              		.loc 1 188 5 view .LVU58
 235 0036 D3F8E020 		ldr	r2, [r3, #224]
 236 003a 42F00402 		orr	r2, r2, #4
 237 003e C3F8E020 		str	r2, [r3, #224]
 188:Src/hrtim.c   ****     __HAL_RCC_GPIOG_CLK_ENABLE();
 238              		.loc 1 188 5 view .LVU59
 239 0042 D3F8E020 		ldr	r2, [r3, #224]
 240 0046 02F00402 		and	r2, r2, #4
 241 004a 0192     		str	r2, [sp, #4]
 188:Src/hrtim.c   ****     __HAL_RCC_GPIOG_CLK_ENABLE();
 242              		.loc 1 188 5 view .LVU60
 243 004c 019A     		ldr	r2, [sp, #4]
 244              	.LBE5:
 188:Src/hrtim.c   ****     __HAL_RCC_GPIOG_CLK_ENABLE();
 245              		.loc 1 188 5 view .LVU61
 189:Src/hrtim.c   ****     /**HRTIM GPIO Configuration
 246              		.loc 1 189 5 view .LVU62
 247              	.LBB6:
 189:Src/hrtim.c   ****     /**HRTIM GPIO Configuration
 248              		.loc 1 189 5 view .LVU63
 189:Src/hrtim.c   ****     /**HRTIM GPIO Configuration
ARM GAS  C:\Users\simon\AppData\Local\Temp\ccNl1Nje.s 			page 10


 249              		.loc 1 189 5 view .LVU64
 250 004e D3F8E020 		ldr	r2, [r3, #224]
 251 0052 42F04002 		orr	r2, r2, #64
 252 0056 C3F8E020 		str	r2, [r3, #224]
 189:Src/hrtim.c   ****     /**HRTIM GPIO Configuration
 253              		.loc 1 189 5 view .LVU65
 254 005a D3F8E030 		ldr	r3, [r3, #224]
 255 005e 03F04003 		and	r3, r3, #64
 256 0062 0293     		str	r3, [sp, #8]
 189:Src/hrtim.c   ****     /**HRTIM GPIO Configuration
 257              		.loc 1 189 5 view .LVU66
 258 0064 029B     		ldr	r3, [sp, #8]
 259              	.LBE6:
 189:Src/hrtim.c   ****     /**HRTIM GPIO Configuration
 260              		.loc 1 189 5 view .LVU67
 197:Src/hrtim.c   ****     GPIO_InitStruct.Mode = GPIO_MODE_AF_PP;
 261              		.loc 1 197 5 view .LVU68
 197:Src/hrtim.c   ****     GPIO_InitStruct.Mode = GPIO_MODE_AF_PP;
 262              		.loc 1 197 25 is_stmt 0 view .LVU69
 263 0066 0224     		movs	r4, #2
 264 0068 0394     		str	r4, [sp, #12]
 198:Src/hrtim.c   ****     GPIO_InitStruct.Pull = GPIO_NOPULL;
 265              		.loc 1 198 5 is_stmt 1 view .LVU70
 198:Src/hrtim.c   ****     GPIO_InitStruct.Pull = GPIO_NOPULL;
 266              		.loc 1 198 26 is_stmt 0 view .LVU71
 267 006a 0494     		str	r4, [sp, #16]
 199:Src/hrtim.c   ****     GPIO_InitStruct.Speed = GPIO_SPEED_FREQ_HIGH;
 268              		.loc 1 199 5 is_stmt 1 view .LVU72
 200:Src/hrtim.c   ****     GPIO_InitStruct.Alternate = GPIO_AF3_HRTIM1;
 269              		.loc 1 200 5 view .LVU73
 200:Src/hrtim.c   ****     GPIO_InitStruct.Alternate = GPIO_AF3_HRTIM1;
 270              		.loc 1 200 27 is_stmt 0 view .LVU74
 271 006c 0694     		str	r4, [sp, #24]
 201:Src/hrtim.c   ****     HAL_GPIO_Init(GPIOE, &GPIO_InitStruct);
 272              		.loc 1 201 5 is_stmt 1 view .LVU75
 201:Src/hrtim.c   ****     HAL_GPIO_Init(GPIOE, &GPIO_InitStruct);
 273              		.loc 1 201 31 is_stmt 0 view .LVU76
 274 006e 0325     		movs	r5, #3
 275 0070 0795     		str	r5, [sp, #28]
 202:Src/hrtim.c   **** 
 276              		.loc 1 202 5 is_stmt 1 view .LVU77
 277 0072 03A9     		add	r1, sp, #12
 278 0074 0E48     		ldr	r0, .L13+8
 279              	.LVL10:
 202:Src/hrtim.c   **** 
 280              		.loc 1 202 5 is_stmt 0 view .LVU78
 281 0076 FFF7FEFF 		bl	HAL_GPIO_Init
 282              	.LVL11:
 204:Src/hrtim.c   ****     GPIO_InitStruct.Mode = GPIO_MODE_AF_PP;
 283              		.loc 1 204 5 is_stmt 1 view .LVU79
 204:Src/hrtim.c   ****     GPIO_InitStruct.Mode = GPIO_MODE_AF_PP;
 284              		.loc 1 204 25 is_stmt 0 view .LVU80
 285 007a C027     		movs	r7, #192
 286 007c 0397     		str	r7, [sp, #12]
 205:Src/hrtim.c   ****     GPIO_InitStruct.Pull = GPIO_NOPULL;
 287              		.loc 1 205 5 is_stmt 1 view .LVU81
 205:Src/hrtim.c   ****     GPIO_InitStruct.Pull = GPIO_NOPULL;
ARM GAS  C:\Users\simon\AppData\Local\Temp\ccNl1Nje.s 			page 11


 288              		.loc 1 205 26 is_stmt 0 view .LVU82
 289 007e 0494     		str	r4, [sp, #16]
 206:Src/hrtim.c   ****     GPIO_InitStruct.Speed = GPIO_SPEED_FREQ_VERY_HIGH;
 290              		.loc 1 206 5 is_stmt 1 view .LVU83
 206:Src/hrtim.c   ****     GPIO_InitStruct.Speed = GPIO_SPEED_FREQ_VERY_HIGH;
 291              		.loc 1 206 26 is_stmt 0 view .LVU84
 292 0080 0026     		movs	r6, #0
 293 0082 0596     		str	r6, [sp, #20]
 207:Src/hrtim.c   ****     GPIO_InitStruct.Alternate = GPIO_AF1_HRTIM1;
 294              		.loc 1 207 5 is_stmt 1 view .LVU85
 207:Src/hrtim.c   ****     GPIO_InitStruct.Alternate = GPIO_AF1_HRTIM1;
 295              		.loc 1 207 27 is_stmt 0 view .LVU86
 296 0084 0695     		str	r5, [sp, #24]
 208:Src/hrtim.c   ****     HAL_GPIO_Init(GPIOC, &GPIO_InitStruct);
 297              		.loc 1 208 5 is_stmt 1 view .LVU87
 208:Src/hrtim.c   ****     HAL_GPIO_Init(GPIOC, &GPIO_InitStruct);
 298              		.loc 1 208 31 is_stmt 0 view .LVU88
 299 0086 0123     		movs	r3, #1
 300 0088 0793     		str	r3, [sp, #28]
 209:Src/hrtim.c   **** 
 301              		.loc 1 209 5 is_stmt 1 view .LVU89
 302 008a 03A9     		add	r1, sp, #12
 303 008c 0948     		ldr	r0, .L13+12
 304 008e FFF7FEFF 		bl	HAL_GPIO_Init
 305              	.LVL12:
 211:Src/hrtim.c   ****     GPIO_InitStruct.Mode = GPIO_MODE_AF_PP;
 306              		.loc 1 211 5 view .LVU90
 211:Src/hrtim.c   ****     GPIO_InitStruct.Mode = GPIO_MODE_AF_PP;
 307              		.loc 1 211 25 is_stmt 0 view .LVU91
 308 0092 0397     		str	r7, [sp, #12]
 212:Src/hrtim.c   ****     GPIO_InitStruct.Pull = GPIO_NOPULL;
 309              		.loc 1 212 5 is_stmt 1 view .LVU92
 212:Src/hrtim.c   ****     GPIO_InitStruct.Pull = GPIO_NOPULL;
 310              		.loc 1 212 26 is_stmt 0 view .LVU93
 311 0094 0494     		str	r4, [sp, #16]
 213:Src/hrtim.c   ****     GPIO_InitStruct.Speed = GPIO_SPEED_FREQ_VERY_HIGH;
 312              		.loc 1 213 5 is_stmt 1 view .LVU94
 213:Src/hrtim.c   ****     GPIO_InitStruct.Speed = GPIO_SPEED_FREQ_VERY_HIGH;
 313              		.loc 1 213 26 is_stmt 0 view .LVU95
 314 0096 0596     		str	r6, [sp, #20]
 214:Src/hrtim.c   ****     GPIO_InitStruct.Alternate = GPIO_AF2_HRTIM1;
 315              		.loc 1 214 5 is_stmt 1 view .LVU96
 214:Src/hrtim.c   ****     GPIO_InitStruct.Alternate = GPIO_AF2_HRTIM1;
 316              		.loc 1 214 27 is_stmt 0 view .LVU97
 317 0098 0695     		str	r5, [sp, #24]
 215:Src/hrtim.c   ****     HAL_GPIO_Init(GPIOG, &GPIO_InitStruct);
 318              		.loc 1 215 5 is_stmt 1 view .LVU98
 215:Src/hrtim.c   ****     HAL_GPIO_Init(GPIOG, &GPIO_InitStruct);
 319              		.loc 1 215 31 is_stmt 0 view .LVU99
 320 009a 0794     		str	r4, [sp, #28]
 216:Src/hrtim.c   **** 
 321              		.loc 1 216 5 is_stmt 1 view .LVU100
 322 009c 03A9     		add	r1, sp, #12
 323 009e 0648     		ldr	r0, .L13+16
 324 00a0 FFF7FEFF 		bl	HAL_GPIO_Init
 325              	.LVL13:
 326              		.loc 1 223 1 is_stmt 0 view .LVU101
ARM GAS  C:\Users\simon\AppData\Local\Temp\ccNl1Nje.s 			page 12


 327 00a4 B8E7     		b	.L9
 328              	.L14:
 329 00a6 00BF     		.align	2
 330              	.L13:
 331 00a8 00740140 		.word	1073837056
 332 00ac 00440258 		.word	1476543488
 333 00b0 00100258 		.word	1476530176
 334 00b4 00080258 		.word	1476528128
 335 00b8 00180258 		.word	1476532224
 336              		.cfi_endproc
 337              	.LFE333:
 339              		.section	.text.MX_HRTIM_Init,"ax",%progbits
 340              		.align	1
 341              		.global	MX_HRTIM_Init
 342              		.syntax unified
 343              		.thumb
 344              		.thumb_func
 346              	MX_HRTIM_Init:
 347              	.LFB331:
  31:Src/hrtim.c   **** 
 348              		.loc 1 31 1 is_stmt 1 view -0
 349              		.cfi_startproc
 350              		@ args = 0, pretend = 0, frame = 152
 351              		@ frame_needed = 0, uses_anonymous_args = 0
 352 0000 10B5     		push	{r4, lr}
 353              	.LCFI8:
 354              		.cfi_def_cfa_offset 8
 355              		.cfi_offset 4, -8
 356              		.cfi_offset 14, -4
 357 0002 A6B0     		sub	sp, sp, #152
 358              	.LCFI9:
 359              		.cfi_def_cfa_offset 160
  37:Src/hrtim.c   ****   HRTIM_TimeBaseCfgTypeDef pTimeBaseCfg = {0};
 360              		.loc 1 37 3 view .LVU103
  37:Src/hrtim.c   ****   HRTIM_TimeBaseCfgTypeDef pTimeBaseCfg = {0};
 361              		.loc 1 37 25 is_stmt 0 view .LVU104
 362 0004 0024     		movs	r4, #0
 363 0006 2294     		str	r4, [sp, #136]
 364 0008 2394     		str	r4, [sp, #140]
 365 000a 2494     		str	r4, [sp, #144]
 366 000c 2594     		str	r4, [sp, #148]
  38:Src/hrtim.c   ****   HRTIM_TimerCfgTypeDef pTimerCfg = {0};
 367              		.loc 1 38 3 is_stmt 1 view .LVU105
  38:Src/hrtim.c   ****   HRTIM_TimerCfgTypeDef pTimerCfg = {0};
 368              		.loc 1 38 28 is_stmt 0 view .LVU106
 369 000e 1E94     		str	r4, [sp, #120]
 370 0010 1F94     		str	r4, [sp, #124]
 371 0012 2094     		str	r4, [sp, #128]
 372 0014 2194     		str	r4, [sp, #132]
  39:Src/hrtim.c   ****   HRTIM_OutputCfgTypeDef pOutputCfg = {0};
 373              		.loc 1 39 3 is_stmt 1 view .LVU107
  39:Src/hrtim.c   ****   HRTIM_OutputCfgTypeDef pOutputCfg = {0};
 374              		.loc 1 39 25 is_stmt 0 view .LVU108
 375 0016 5422     		movs	r2, #84
 376 0018 2146     		mov	r1, r4
 377 001a 09A8     		add	r0, sp, #36
 378 001c FFF7FEFF 		bl	memset
ARM GAS  C:\Users\simon\AppData\Local\Temp\ccNl1Nje.s 			page 13


 379              	.LVL14:
  40:Src/hrtim.c   **** 
 380              		.loc 1 40 3 is_stmt 1 view .LVU109
  40:Src/hrtim.c   **** 
 381              		.loc 1 40 26 is_stmt 0 view .LVU110
 382 0020 2022     		movs	r2, #32
 383 0022 2146     		mov	r1, r4
 384 0024 01A8     		add	r0, sp, #4
 385 0026 FFF7FEFF 		bl	memset
 386              	.LVL15:
  45:Src/hrtim.c   ****   hhrtim.Init.HRTIMInterruptResquests = HRTIM_IT_NONE;
 387              		.loc 1 45 3 is_stmt 1 view .LVU111
  45:Src/hrtim.c   ****   hhrtim.Init.HRTIMInterruptResquests = HRTIM_IT_NONE;
 388              		.loc 1 45 19 is_stmt 0 view .LVU112
 389 002a 5448     		ldr	r0, .L39
 390 002c 544B     		ldr	r3, .L39+4
 391 002e 0360     		str	r3, [r0]
  46:Src/hrtim.c   ****   hhrtim.Init.SyncOptions = HRTIM_SYNCOPTION_NONE;
 392              		.loc 1 46 3 is_stmt 1 view .LVU113
  46:Src/hrtim.c   ****   hhrtim.Init.SyncOptions = HRTIM_SYNCOPTION_NONE;
 393              		.loc 1 46 39 is_stmt 0 view .LVU114
 394 0030 4460     		str	r4, [r0, #4]
  47:Src/hrtim.c   ****   if (HAL_HRTIM_Init(&hhrtim) != HAL_OK)
 395              		.loc 1 47 3 is_stmt 1 view .LVU115
  47:Src/hrtim.c   ****   if (HAL_HRTIM_Init(&hhrtim) != HAL_OK)
 396              		.loc 1 47 27 is_stmt 0 view .LVU116
 397 0032 8460     		str	r4, [r0, #8]
  48:Src/hrtim.c   ****   {
 398              		.loc 1 48 3 is_stmt 1 view .LVU117
  48:Src/hrtim.c   ****   {
 399              		.loc 1 48 7 is_stmt 0 view .LVU118
 400 0034 FFF7FEFF 		bl	HAL_HRTIM_Init
 401              	.LVL16:
  48:Src/hrtim.c   ****   {
 402              		.loc 1 48 6 view .LVU119
 403 0038 0028     		cmp	r0, #0
 404 003a 7ED1     		bne	.L28
 405              	.L16:
  52:Src/hrtim.c   ****   {
 406              		.loc 1 52 3 is_stmt 1 view .LVU120
  52:Src/hrtim.c   ****   {
 407              		.loc 1 52 7 is_stmt 0 view .LVU121
 408 003c 0021     		movs	r1, #0
 409 003e 4F48     		ldr	r0, .L39
 410 0040 FFF7FEFF 		bl	HAL_HRTIM_FaultPrescalerConfig
 411              	.LVL17:
  52:Src/hrtim.c   ****   {
 412              		.loc 1 52 6 view .LVU122
 413 0044 0028     		cmp	r0, #0
 414 0046 7BD1     		bne	.L29
 415              	.L17:
  56:Src/hrtim.c   ****   pFaultCfg.Polarity = HRTIM_FAULTPOLARITY_HIGH;
 416              		.loc 1 56 3 is_stmt 1 view .LVU123
  56:Src/hrtim.c   ****   pFaultCfg.Polarity = HRTIM_FAULTPOLARITY_HIGH;
 417              		.loc 1 56 20 is_stmt 0 view .LVU124
 418 0048 0023     		movs	r3, #0
 419 004a 2293     		str	r3, [sp, #136]
ARM GAS  C:\Users\simon\AppData\Local\Temp\ccNl1Nje.s 			page 14


  57:Src/hrtim.c   ****   pFaultCfg.Filter = HRTIM_FAULTFILTER_NONE;
 420              		.loc 1 57 3 is_stmt 1 view .LVU125
  57:Src/hrtim.c   ****   pFaultCfg.Filter = HRTIM_FAULTFILTER_NONE;
 421              		.loc 1 57 22 is_stmt 0 view .LVU126
 422 004c 0222     		movs	r2, #2
 423 004e 2392     		str	r2, [sp, #140]
  58:Src/hrtim.c   ****   pFaultCfg.Lock = HRTIM_FAULTLOCK_READWRITE;
 424              		.loc 1 58 3 is_stmt 1 view .LVU127
  58:Src/hrtim.c   ****   pFaultCfg.Lock = HRTIM_FAULTLOCK_READWRITE;
 425              		.loc 1 58 20 is_stmt 0 view .LVU128
 426 0050 2493     		str	r3, [sp, #144]
  59:Src/hrtim.c   ****   if (HAL_HRTIM_FaultConfig(&hhrtim, HRTIM_FAULT_3, &pFaultCfg) != HAL_OK)
 427              		.loc 1 59 3 is_stmt 1 view .LVU129
  59:Src/hrtim.c   ****   if (HAL_HRTIM_FaultConfig(&hhrtim, HRTIM_FAULT_3, &pFaultCfg) != HAL_OK)
 428              		.loc 1 59 18 is_stmt 0 view .LVU130
 429 0052 2593     		str	r3, [sp, #148]
  60:Src/hrtim.c   ****   {
 430              		.loc 1 60 3 is_stmt 1 view .LVU131
  60:Src/hrtim.c   ****   {
 431              		.loc 1 60 7 is_stmt 0 view .LVU132
 432 0054 22AA     		add	r2, sp, #136
 433 0056 0421     		movs	r1, #4
 434 0058 4848     		ldr	r0, .L39
 435 005a FFF7FEFF 		bl	HAL_HRTIM_FaultConfig
 436              	.LVL18:
  60:Src/hrtim.c   ****   {
 437              		.loc 1 60 6 view .LVU133
 438 005e 0028     		cmp	r0, #0
 439 0060 71D1     		bne	.L30
 440              	.L18:
  64:Src/hrtim.c   ****   pTimeBaseCfg.Period = 0xFFFD;
 441              		.loc 1 64 3 is_stmt 1 view .LVU134
 442 0062 464C     		ldr	r4, .L39
 443 0064 0122     		movs	r2, #1
 444 0066 0421     		movs	r1, #4
 445 0068 2046     		mov	r0, r4
 446 006a FFF7FEFF 		bl	HAL_HRTIM_FaultModeCtl
 447              	.LVL19:
  65:Src/hrtim.c   ****   pTimeBaseCfg.RepetitionCounter = 0x00;
 448              		.loc 1 65 3 view .LVU135
  65:Src/hrtim.c   ****   pTimeBaseCfg.RepetitionCounter = 0x00;
 449              		.loc 1 65 23 is_stmt 0 view .LVU136
 450 006e 4FF6FD73 		movw	r3, #65533
 451 0072 1E93     		str	r3, [sp, #120]
  66:Src/hrtim.c   ****   pTimeBaseCfg.PrescalerRatio = HRTIM_PRESCALERRATIO_DIV1;
 452              		.loc 1 66 3 is_stmt 1 view .LVU137
  66:Src/hrtim.c   ****   pTimeBaseCfg.PrescalerRatio = HRTIM_PRESCALERRATIO_DIV1;
 453              		.loc 1 66 34 is_stmt 0 view .LVU138
 454 0074 0021     		movs	r1, #0
 455 0076 1F91     		str	r1, [sp, #124]
  67:Src/hrtim.c   ****   pTimeBaseCfg.Mode = HRTIM_MODE_CONTINUOUS;
 456              		.loc 1 67 3 is_stmt 1 view .LVU139
  67:Src/hrtim.c   ****   pTimeBaseCfg.Mode = HRTIM_MODE_CONTINUOUS;
 457              		.loc 1 67 31 is_stmt 0 view .LVU140
 458 0078 0523     		movs	r3, #5
 459 007a 2093     		str	r3, [sp, #128]
  68:Src/hrtim.c   ****   if (HAL_HRTIM_TimeBaseConfig(&hhrtim, HRTIM_TIMERINDEX_TIMER_A, &pTimeBaseCfg) != HAL_OK)
ARM GAS  C:\Users\simon\AppData\Local\Temp\ccNl1Nje.s 			page 15


 460              		.loc 1 68 3 is_stmt 1 view .LVU141
  68:Src/hrtim.c   ****   if (HAL_HRTIM_TimeBaseConfig(&hhrtim, HRTIM_TIMERINDEX_TIMER_A, &pTimeBaseCfg) != HAL_OK)
 461              		.loc 1 68 21 is_stmt 0 view .LVU142
 462 007c 0823     		movs	r3, #8
 463 007e 2193     		str	r3, [sp, #132]
  69:Src/hrtim.c   ****   {
 464              		.loc 1 69 3 is_stmt 1 view .LVU143
  69:Src/hrtim.c   ****   {
 465              		.loc 1 69 7 is_stmt 0 view .LVU144
 466 0080 1EAA     		add	r2, sp, #120
 467 0082 2046     		mov	r0, r4
 468 0084 FFF7FEFF 		bl	HAL_HRTIM_TimeBaseConfig
 469              	.LVL20:
  69:Src/hrtim.c   ****   {
 470              		.loc 1 69 6 view .LVU145
 471 0088 0028     		cmp	r0, #0
 472 008a 5FD1     		bne	.L31
 473              	.L19:
  73:Src/hrtim.c   ****   pTimerCfg.DMARequests = HRTIM_TIM_DMA_NONE;
 474              		.loc 1 73 3 is_stmt 1 view .LVU146
  73:Src/hrtim.c   ****   pTimerCfg.DMARequests = HRTIM_TIM_DMA_NONE;
 475              		.loc 1 73 31 is_stmt 0 view .LVU147
 476 008c 0021     		movs	r1, #0
 477 008e 0991     		str	r1, [sp, #36]
  74:Src/hrtim.c   ****   pTimerCfg.DMASrcAddress = 0x0000;
 478              		.loc 1 74 3 is_stmt 1 view .LVU148
  74:Src/hrtim.c   ****   pTimerCfg.DMASrcAddress = 0x0000;
 479              		.loc 1 74 25 is_stmt 0 view .LVU149
 480 0090 0A91     		str	r1, [sp, #40]
  75:Src/hrtim.c   ****   pTimerCfg.DMADstAddress = 0x0000;
 481              		.loc 1 75 3 is_stmt 1 view .LVU150
  75:Src/hrtim.c   ****   pTimerCfg.DMADstAddress = 0x0000;
 482              		.loc 1 75 27 is_stmt 0 view .LVU151
 483 0092 0B91     		str	r1, [sp, #44]
  76:Src/hrtim.c   ****   pTimerCfg.DMASize = 0x1;
 484              		.loc 1 76 3 is_stmt 1 view .LVU152
  76:Src/hrtim.c   ****   pTimerCfg.DMASize = 0x1;
 485              		.loc 1 76 27 is_stmt 0 view .LVU153
 486 0094 0C91     		str	r1, [sp, #48]
  77:Src/hrtim.c   ****   pTimerCfg.HalfModeEnable = HRTIM_HALFMODE_DISABLED;
 487              		.loc 1 77 3 is_stmt 1 view .LVU154
  77:Src/hrtim.c   ****   pTimerCfg.HalfModeEnable = HRTIM_HALFMODE_DISABLED;
 488              		.loc 1 77 21 is_stmt 0 view .LVU155
 489 0096 0123     		movs	r3, #1
 490 0098 0D93     		str	r3, [sp, #52]
  78:Src/hrtim.c   ****   pTimerCfg.StartOnSync = HRTIM_SYNCSTART_DISABLED;
 491              		.loc 1 78 3 is_stmt 1 view .LVU156
  78:Src/hrtim.c   ****   pTimerCfg.StartOnSync = HRTIM_SYNCSTART_DISABLED;
 492              		.loc 1 78 28 is_stmt 0 view .LVU157
 493 009a 0E91     		str	r1, [sp, #56]
  79:Src/hrtim.c   ****   pTimerCfg.ResetOnSync = HRTIM_SYNCRESET_DISABLED;
 494              		.loc 1 79 3 is_stmt 1 view .LVU158
  79:Src/hrtim.c   ****   pTimerCfg.ResetOnSync = HRTIM_SYNCRESET_DISABLED;
 495              		.loc 1 79 25 is_stmt 0 view .LVU159
 496 009c 0F91     		str	r1, [sp, #60]
  80:Src/hrtim.c   ****   pTimerCfg.DACSynchro = HRTIM_DACSYNC_NONE;
 497              		.loc 1 80 3 is_stmt 1 view .LVU160
ARM GAS  C:\Users\simon\AppData\Local\Temp\ccNl1Nje.s 			page 16


  80:Src/hrtim.c   ****   pTimerCfg.DACSynchro = HRTIM_DACSYNC_NONE;
 498              		.loc 1 80 25 is_stmt 0 view .LVU161
 499 009e 1091     		str	r1, [sp, #64]
  81:Src/hrtim.c   ****   pTimerCfg.PreloadEnable = HRTIM_PRELOAD_DISABLED;
 500              		.loc 1 81 3 is_stmt 1 view .LVU162
  81:Src/hrtim.c   ****   pTimerCfg.PreloadEnable = HRTIM_PRELOAD_DISABLED;
 501              		.loc 1 81 24 is_stmt 0 view .LVU163
 502 00a0 1191     		str	r1, [sp, #68]
  82:Src/hrtim.c   ****   pTimerCfg.UpdateGating = HRTIM_UPDATEGATING_INDEPENDENT;
 503              		.loc 1 82 3 is_stmt 1 view .LVU164
  82:Src/hrtim.c   ****   pTimerCfg.UpdateGating = HRTIM_UPDATEGATING_INDEPENDENT;
 504              		.loc 1 82 27 is_stmt 0 view .LVU165
 505 00a2 1291     		str	r1, [sp, #72]
  83:Src/hrtim.c   ****   pTimerCfg.BurstMode = HRTIM_TIMERBURSTMODE_MAINTAINCLOCK;
 506              		.loc 1 83 3 is_stmt 1 view .LVU166
  83:Src/hrtim.c   ****   pTimerCfg.BurstMode = HRTIM_TIMERBURSTMODE_MAINTAINCLOCK;
 507              		.loc 1 83 26 is_stmt 0 view .LVU167
 508 00a4 1391     		str	r1, [sp, #76]
  84:Src/hrtim.c   ****   pTimerCfg.RepetitionUpdate = HRTIM_UPDATEONREPETITION_DISABLED;
 509              		.loc 1 84 3 is_stmt 1 view .LVU168
  84:Src/hrtim.c   ****   pTimerCfg.RepetitionUpdate = HRTIM_UPDATEONREPETITION_DISABLED;
 510              		.loc 1 84 23 is_stmt 0 view .LVU169
 511 00a6 1491     		str	r1, [sp, #80]
  85:Src/hrtim.c   ****   pTimerCfg.PushPull = HRTIM_TIMPUSHPULLMODE_DISABLED;
 512              		.loc 1 85 3 is_stmt 1 view .LVU170
  85:Src/hrtim.c   ****   pTimerCfg.PushPull = HRTIM_TIMPUSHPULLMODE_DISABLED;
 513              		.loc 1 85 30 is_stmt 0 view .LVU171
 514 00a8 1591     		str	r1, [sp, #84]
  86:Src/hrtim.c   ****   pTimerCfg.FaultEnable = HRTIM_TIMFAULTENABLE_NONE;
 515              		.loc 1 86 3 is_stmt 1 view .LVU172
  86:Src/hrtim.c   ****   pTimerCfg.FaultEnable = HRTIM_TIMFAULTENABLE_NONE;
 516              		.loc 1 86 22 is_stmt 0 view .LVU173
 517 00aa 1691     		str	r1, [sp, #88]
  87:Src/hrtim.c   ****   pTimerCfg.FaultLock = HRTIM_TIMFAULTLOCK_READWRITE;
 518              		.loc 1 87 3 is_stmt 1 view .LVU174
  87:Src/hrtim.c   ****   pTimerCfg.FaultLock = HRTIM_TIMFAULTLOCK_READWRITE;
 519              		.loc 1 87 25 is_stmt 0 view .LVU175
 520 00ac 1791     		str	r1, [sp, #92]
  88:Src/hrtim.c   ****   pTimerCfg.DeadTimeInsertion = HRTIM_TIMDEADTIMEINSERTION_DISABLED;
 521              		.loc 1 88 3 is_stmt 1 view .LVU176
  88:Src/hrtim.c   ****   pTimerCfg.DeadTimeInsertion = HRTIM_TIMDEADTIMEINSERTION_DISABLED;
 522              		.loc 1 88 23 is_stmt 0 view .LVU177
 523 00ae 1891     		str	r1, [sp, #96]
  89:Src/hrtim.c   ****   pTimerCfg.DelayedProtectionMode = HRTIM_TIMER_A_B_C_DELAYEDPROTECTION_DISABLED;
 524              		.loc 1 89 3 is_stmt 1 view .LVU178
  89:Src/hrtim.c   ****   pTimerCfg.DelayedProtectionMode = HRTIM_TIMER_A_B_C_DELAYEDPROTECTION_DISABLED;
 525              		.loc 1 89 31 is_stmt 0 view .LVU179
 526 00b0 1991     		str	r1, [sp, #100]
  90:Src/hrtim.c   ****   pTimerCfg.UpdateTrigger = HRTIM_TIMUPDATETRIGGER_NONE;
 527              		.loc 1 90 3 is_stmt 1 view .LVU180
  90:Src/hrtim.c   ****   pTimerCfg.UpdateTrigger = HRTIM_TIMUPDATETRIGGER_NONE;
 528              		.loc 1 90 35 is_stmt 0 view .LVU181
 529 00b2 1A91     		str	r1, [sp, #104]
  91:Src/hrtim.c   ****   pTimerCfg.ResetTrigger = HRTIM_TIMRESETTRIGGER_NONE;
 530              		.loc 1 91 3 is_stmt 1 view .LVU182
  91:Src/hrtim.c   ****   pTimerCfg.ResetTrigger = HRTIM_TIMRESETTRIGGER_NONE;
 531              		.loc 1 91 27 is_stmt 0 view .LVU183
ARM GAS  C:\Users\simon\AppData\Local\Temp\ccNl1Nje.s 			page 17


 532 00b4 1B91     		str	r1, [sp, #108]
  92:Src/hrtim.c   ****   pTimerCfg.ResetUpdate = HRTIM_TIMUPDATEONRESET_DISABLED;
 533              		.loc 1 92 3 is_stmt 1 view .LVU184
  92:Src/hrtim.c   ****   pTimerCfg.ResetUpdate = HRTIM_TIMUPDATEONRESET_DISABLED;
 534              		.loc 1 92 26 is_stmt 0 view .LVU185
 535 00b6 1C91     		str	r1, [sp, #112]
  93:Src/hrtim.c   ****   if (HAL_HRTIM_WaveformTimerConfig(&hhrtim, HRTIM_TIMERINDEX_TIMER_A, &pTimerCfg) != HAL_OK)
 536              		.loc 1 93 3 is_stmt 1 view .LVU186
  93:Src/hrtim.c   ****   if (HAL_HRTIM_WaveformTimerConfig(&hhrtim, HRTIM_TIMERINDEX_TIMER_A, &pTimerCfg) != HAL_OK)
 537              		.loc 1 93 25 is_stmt 0 view .LVU187
 538 00b8 1D91     		str	r1, [sp, #116]
  94:Src/hrtim.c   ****   {
 539              		.loc 1 94 3 is_stmt 1 view .LVU188
  94:Src/hrtim.c   ****   {
 540              		.loc 1 94 7 is_stmt 0 view .LVU189
 541 00ba 09AA     		add	r2, sp, #36
 542 00bc 2F48     		ldr	r0, .L39
 543 00be FFF7FEFF 		bl	HAL_HRTIM_WaveformTimerConfig
 544              	.LVL21:
  94:Src/hrtim.c   ****   {
 545              		.loc 1 94 6 view .LVU190
 546 00c2 0028     		cmp	r0, #0
 547 00c4 45D1     		bne	.L32
 548              	.L20:
  98:Src/hrtim.c   ****   if (HAL_HRTIM_WaveformTimerConfig(&hhrtim, HRTIM_TIMERINDEX_TIMER_E, &pTimerCfg) != HAL_OK)
 549              		.loc 1 98 3 is_stmt 1 view .LVU191
  98:Src/hrtim.c   ****   if (HAL_HRTIM_WaveformTimerConfig(&hhrtim, HRTIM_TIMERINDEX_TIMER_E, &pTimerCfg) != HAL_OK)
 550              		.loc 1 98 35 is_stmt 0 view .LVU192
 551 00c6 0023     		movs	r3, #0
 552 00c8 1A93     		str	r3, [sp, #104]
  99:Src/hrtim.c   ****   {
 553              		.loc 1 99 3 is_stmt 1 view .LVU193
  99:Src/hrtim.c   ****   {
 554              		.loc 1 99 7 is_stmt 0 view .LVU194
 555 00ca 09AA     		add	r2, sp, #36
 556 00cc 0421     		movs	r1, #4
 557 00ce 2B48     		ldr	r0, .L39
 558 00d0 FFF7FEFF 		bl	HAL_HRTIM_WaveformTimerConfig
 559              	.LVL22:
  99:Src/hrtim.c   ****   {
 560              		.loc 1 99 6 view .LVU195
 561 00d4 0028     		cmp	r0, #0
 562 00d6 3FD1     		bne	.L33
 563              	.L21:
 103:Src/hrtim.c   ****   pOutputCfg.SetSource = HRTIM_OUTPUTSET_NONE;
 564              		.loc 1 103 3 is_stmt 1 view .LVU196
 103:Src/hrtim.c   ****   pOutputCfg.SetSource = HRTIM_OUTPUTSET_NONE;
 565              		.loc 1 103 23 is_stmt 0 view .LVU197
 566 00d8 0021     		movs	r1, #0
 567 00da 0191     		str	r1, [sp, #4]
 104:Src/hrtim.c   ****   pOutputCfg.ResetSource = HRTIM_OUTPUTRESET_NONE;
 568              		.loc 1 104 3 is_stmt 1 view .LVU198
 104:Src/hrtim.c   ****   pOutputCfg.ResetSource = HRTIM_OUTPUTRESET_NONE;
 569              		.loc 1 104 24 is_stmt 0 view .LVU199
 570 00dc 0291     		str	r1, [sp, #8]
 105:Src/hrtim.c   ****   pOutputCfg.IdleMode = HRTIM_OUTPUTIDLEMODE_NONE;
 571              		.loc 1 105 3 is_stmt 1 view .LVU200
ARM GAS  C:\Users\simon\AppData\Local\Temp\ccNl1Nje.s 			page 18


 105:Src/hrtim.c   ****   pOutputCfg.IdleMode = HRTIM_OUTPUTIDLEMODE_NONE;
 572              		.loc 1 105 26 is_stmt 0 view .LVU201
 573 00de 0391     		str	r1, [sp, #12]
 106:Src/hrtim.c   ****   pOutputCfg.IdleLevel = HRTIM_OUTPUTIDLELEVEL_INACTIVE;
 574              		.loc 1 106 3 is_stmt 1 view .LVU202
 106:Src/hrtim.c   ****   pOutputCfg.IdleLevel = HRTIM_OUTPUTIDLELEVEL_INACTIVE;
 575              		.loc 1 106 23 is_stmt 0 view .LVU203
 576 00e0 0491     		str	r1, [sp, #16]
 107:Src/hrtim.c   ****   pOutputCfg.FaultLevel = HRTIM_OUTPUTFAULTLEVEL_NONE;
 577              		.loc 1 107 3 is_stmt 1 view .LVU204
 107:Src/hrtim.c   ****   pOutputCfg.FaultLevel = HRTIM_OUTPUTFAULTLEVEL_NONE;
 578              		.loc 1 107 24 is_stmt 0 view .LVU205
 579 00e2 0591     		str	r1, [sp, #20]
 108:Src/hrtim.c   ****   pOutputCfg.ChopperModeEnable = HRTIM_OUTPUTCHOPPERMODE_DISABLED;
 580              		.loc 1 108 3 is_stmt 1 view .LVU206
 108:Src/hrtim.c   ****   pOutputCfg.ChopperModeEnable = HRTIM_OUTPUTCHOPPERMODE_DISABLED;
 581              		.loc 1 108 25 is_stmt 0 view .LVU207
 582 00e4 0691     		str	r1, [sp, #24]
 109:Src/hrtim.c   ****   pOutputCfg.BurstModeEntryDelayed = HRTIM_OUTPUTBURSTMODEENTRY_REGULAR;
 583              		.loc 1 109 3 is_stmt 1 view .LVU208
 109:Src/hrtim.c   ****   pOutputCfg.BurstModeEntryDelayed = HRTIM_OUTPUTBURSTMODEENTRY_REGULAR;
 584              		.loc 1 109 32 is_stmt 0 view .LVU209
 585 00e6 0791     		str	r1, [sp, #28]
 110:Src/hrtim.c   ****   if (HAL_HRTIM_WaveformOutputConfig(&hhrtim, HRTIM_TIMERINDEX_TIMER_A, HRTIM_OUTPUT_TA1, &pOutputC
 586              		.loc 1 110 3 is_stmt 1 view .LVU210
 110:Src/hrtim.c   ****   if (HAL_HRTIM_WaveformOutputConfig(&hhrtim, HRTIM_TIMERINDEX_TIMER_A, HRTIM_OUTPUT_TA1, &pOutputC
 587              		.loc 1 110 36 is_stmt 0 view .LVU211
 588 00e8 0891     		str	r1, [sp, #32]
 111:Src/hrtim.c   ****   {
 589              		.loc 1 111 3 is_stmt 1 view .LVU212
 111:Src/hrtim.c   ****   {
 590              		.loc 1 111 7 is_stmt 0 view .LVU213
 591 00ea 01AB     		add	r3, sp, #4
 592 00ec 0122     		movs	r2, #1
 593 00ee 2348     		ldr	r0, .L39
 594 00f0 FFF7FEFF 		bl	HAL_HRTIM_WaveformOutputConfig
 595              	.LVL23:
 111:Src/hrtim.c   ****   {
 596              		.loc 1 111 6 view .LVU214
 597 00f4 98BB     		cbnz	r0, .L34
 598              	.L22:
 115:Src/hrtim.c   ****   {
 599              		.loc 1 115 3 is_stmt 1 view .LVU215
 115:Src/hrtim.c   ****   {
 600              		.loc 1 115 7 is_stmt 0 view .LVU216
 601 00f6 01AB     		add	r3, sp, #4
 602 00f8 4FF48072 		mov	r2, #256
 603 00fc 0421     		movs	r1, #4
 604 00fe 1F48     		ldr	r0, .L39
 605 0100 FFF7FEFF 		bl	HAL_HRTIM_WaveformOutputConfig
 606              	.LVL24:
 115:Src/hrtim.c   ****   {
 607              		.loc 1 115 6 view .LVU217
 608 0104 70BB     		cbnz	r0, .L35
 609              	.L23:
 119:Src/hrtim.c   ****   {
 610              		.loc 1 119 3 is_stmt 1 view .LVU218
ARM GAS  C:\Users\simon\AppData\Local\Temp\ccNl1Nje.s 			page 19


 119:Src/hrtim.c   ****   {
 611              		.loc 1 119 7 is_stmt 0 view .LVU219
 612 0106 01AB     		add	r3, sp, #4
 613 0108 0222     		movs	r2, #2
 614 010a 0021     		movs	r1, #0
 615 010c 1B48     		ldr	r0, .L39
 616 010e FFF7FEFF 		bl	HAL_HRTIM_WaveformOutputConfig
 617              	.LVL25:
 119:Src/hrtim.c   ****   {
 618              		.loc 1 119 6 view .LVU220
 619 0112 50BB     		cbnz	r0, .L36
 620              	.L24:
 123:Src/hrtim.c   ****   {
 621              		.loc 1 123 3 is_stmt 1 view .LVU221
 123:Src/hrtim.c   ****   {
 622              		.loc 1 123 7 is_stmt 0 view .LVU222
 623 0114 01AB     		add	r3, sp, #4
 624 0116 4FF40072 		mov	r2, #512
 625 011a 0421     		movs	r1, #4
 626 011c 1748     		ldr	r0, .L39
 627 011e FFF7FEFF 		bl	HAL_HRTIM_WaveformOutputConfig
 628              	.LVL26:
 123:Src/hrtim.c   ****   {
 629              		.loc 1 123 6 view .LVU223
 630 0122 28BB     		cbnz	r0, .L37
 631              	.L25:
 127:Src/hrtim.c   ****   {
 632              		.loc 1 127 3 is_stmt 1 view .LVU224
 127:Src/hrtim.c   ****   {
 633              		.loc 1 127 7 is_stmt 0 view .LVU225
 634 0124 1EAA     		add	r2, sp, #120
 635 0126 0421     		movs	r1, #4
 636 0128 1448     		ldr	r0, .L39
 637 012a FFF7FEFF 		bl	HAL_HRTIM_TimeBaseConfig
 638              	.LVL27:
 127:Src/hrtim.c   ****   {
 639              		.loc 1 127 6 view .LVU226
 640 012e 10BB     		cbnz	r0, .L38
 641              	.L26:
 134:Src/hrtim.c   **** 
 642              		.loc 1 134 3 is_stmt 1 view .LVU227
 643 0130 1248     		ldr	r0, .L39
 644 0132 FFF7FEFF 		bl	HAL_HRTIM_MspPostInit
 645              	.LVL28:
 136:Src/hrtim.c   **** 
 646              		.loc 1 136 1 is_stmt 0 view .LVU228
 647 0136 26B0     		add	sp, sp, #152
 648              	.LCFI10:
 649              		.cfi_remember_state
 650              		.cfi_def_cfa_offset 8
 651              		@ sp needed
 652 0138 10BD     		pop	{r4, pc}
 653              	.L28:
 654              	.LCFI11:
 655              		.cfi_restore_state
  50:Src/hrtim.c   ****   }
 656              		.loc 1 50 5 is_stmt 1 view .LVU229
ARM GAS  C:\Users\simon\AppData\Local\Temp\ccNl1Nje.s 			page 20


 657 013a FFF7FEFF 		bl	Error_Handler
 658              	.LVL29:
 659 013e 7DE7     		b	.L16
 660              	.L29:
  54:Src/hrtim.c   ****   }
 661              		.loc 1 54 5 view .LVU230
 662 0140 FFF7FEFF 		bl	Error_Handler
 663              	.LVL30:
 664 0144 80E7     		b	.L17
 665              	.L30:
  62:Src/hrtim.c   ****   }
 666              		.loc 1 62 5 view .LVU231
 667 0146 FFF7FEFF 		bl	Error_Handler
 668              	.LVL31:
 669 014a 8AE7     		b	.L18
 670              	.L31:
  71:Src/hrtim.c   ****   }
 671              		.loc 1 71 5 view .LVU232
 672 014c FFF7FEFF 		bl	Error_Handler
 673              	.LVL32:
 674 0150 9CE7     		b	.L19
 675              	.L32:
  96:Src/hrtim.c   ****   }
 676              		.loc 1 96 5 view .LVU233
 677 0152 FFF7FEFF 		bl	Error_Handler
 678              	.LVL33:
 679 0156 B6E7     		b	.L20
 680              	.L33:
 101:Src/hrtim.c   ****   }
 681              		.loc 1 101 5 view .LVU234
 682 0158 FFF7FEFF 		bl	Error_Handler
 683              	.LVL34:
 684 015c BCE7     		b	.L21
 685              	.L34:
 113:Src/hrtim.c   ****   }
 686              		.loc 1 113 5 view .LVU235
 687 015e FFF7FEFF 		bl	Error_Handler
 688              	.LVL35:
 689 0162 C8E7     		b	.L22
 690              	.L35:
 117:Src/hrtim.c   ****   }
 691              		.loc 1 117 5 view .LVU236
 692 0164 FFF7FEFF 		bl	Error_Handler
 693              	.LVL36:
 694 0168 CDE7     		b	.L23
 695              	.L36:
 121:Src/hrtim.c   ****   }
 696              		.loc 1 121 5 view .LVU237
 697 016a FFF7FEFF 		bl	Error_Handler
 698              	.LVL37:
 699 016e D1E7     		b	.L24
 700              	.L37:
 125:Src/hrtim.c   ****   }
 701              		.loc 1 125 5 view .LVU238
 702 0170 FFF7FEFF 		bl	Error_Handler
 703              	.LVL38:
 704 0174 D6E7     		b	.L25
ARM GAS  C:\Users\simon\AppData\Local\Temp\ccNl1Nje.s 			page 21


 705              	.L38:
 129:Src/hrtim.c   ****   }
 706              		.loc 1 129 5 view .LVU239
 707 0176 FFF7FEFF 		bl	Error_Handler
 708              	.LVL39:
 709 017a D9E7     		b	.L26
 710              	.L40:
 711              		.align	2
 712              	.L39:
 713 017c 00000000 		.word	.LANCHOR0
 714 0180 00740140 		.word	1073837056
 715              		.cfi_endproc
 716              	.LFE331:
 718              		.section	.text.HAL_HRTIM_MspDeInit,"ax",%progbits
 719              		.align	1
 720              		.global	HAL_HRTIM_MspDeInit
 721              		.syntax unified
 722              		.thumb
 723              		.thumb_func
 725              	HAL_HRTIM_MspDeInit:
 726              	.LVL40:
 727              	.LFB334:
 224:Src/hrtim.c   **** 
 225:Src/hrtim.c   **** void HAL_HRTIM_MspDeInit(HRTIM_HandleTypeDef* hrtimHandle)
 226:Src/hrtim.c   **** {
 728              		.loc 1 226 1 view -0
 729              		.cfi_startproc
 730              		@ args = 0, pretend = 0, frame = 0
 731              		@ frame_needed = 0, uses_anonymous_args = 0
 732              		.loc 1 226 1 is_stmt 0 view .LVU241
 733 0000 08B5     		push	{r3, lr}
 734              	.LCFI12:
 735              		.cfi_def_cfa_offset 8
 736              		.cfi_offset 3, -8
 737              		.cfi_offset 14, -4
 227:Src/hrtim.c   **** 
 228:Src/hrtim.c   ****   if(hrtimHandle->Instance==HRTIM1)
 738              		.loc 1 228 3 is_stmt 1 view .LVU242
 739              		.loc 1 228 17 is_stmt 0 view .LVU243
 740 0002 0268     		ldr	r2, [r0]
 741              		.loc 1 228 5 view .LVU244
 742 0004 0D4B     		ldr	r3, .L45
 743 0006 9A42     		cmp	r2, r3
 744 0008 00D0     		beq	.L44
 745              	.LVL41:
 746              	.L41:
 229:Src/hrtim.c   ****   {
 230:Src/hrtim.c   ****   /* USER CODE BEGIN HRTIM1_MspDeInit 0 */
 231:Src/hrtim.c   **** 
 232:Src/hrtim.c   ****   /* USER CODE END HRTIM1_MspDeInit 0 */
 233:Src/hrtim.c   ****     /* Peripheral clock disable */
 234:Src/hrtim.c   ****     __HAL_RCC_HRTIM1_CLK_DISABLE();
 235:Src/hrtim.c   **** 
 236:Src/hrtim.c   ****     /**HRTIM GPIO Configuration
 237:Src/hrtim.c   ****     PD4     ------> HRTIM_FLT3
 238:Src/hrtim.c   ****     PE1     ------> HRTIM_SCOUT
 239:Src/hrtim.c   ****     PC7     ------> HRTIM_CHA2
ARM GAS  C:\Users\simon\AppData\Local\Temp\ccNl1Nje.s 			page 22


 240:Src/hrtim.c   ****     PC6     ------> HRTIM_CHA1
 241:Src/hrtim.c   ****     PG7     ------> HRTIM_CHE2
 242:Src/hrtim.c   ****     PG6     ------> HRTIM_CHE1
 243:Src/hrtim.c   ****     */
 244:Src/hrtim.c   ****     HAL_GPIO_DeInit(GPIOD, GPIO_PIN_4);
 245:Src/hrtim.c   **** 
 246:Src/hrtim.c   ****     HAL_GPIO_DeInit(GPIOE, GPIO_PIN_1);
 247:Src/hrtim.c   **** 
 248:Src/hrtim.c   ****     HAL_GPIO_DeInit(GPIOC, GPIO_PIN_7|GPIO_PIN_6);
 249:Src/hrtim.c   **** 
 250:Src/hrtim.c   ****     HAL_GPIO_DeInit(GPIOG, GPIO_PIN_7|GPIO_PIN_6);
 251:Src/hrtim.c   **** 
 252:Src/hrtim.c   ****   /* USER CODE BEGIN HRTIM1_MspDeInit 1 */
 253:Src/hrtim.c   **** 
 254:Src/hrtim.c   ****   /* USER CODE END HRTIM1_MspDeInit 1 */
 255:Src/hrtim.c   ****   }
 256:Src/hrtim.c   **** }
 747              		.loc 1 256 1 view .LVU245
 748 000a 08BD     		pop	{r3, pc}
 749              	.LVL42:
 750              	.L44:
 234:Src/hrtim.c   **** 
 751              		.loc 1 234 5 is_stmt 1 view .LVU246
 752 000c 0C4A     		ldr	r2, .L45+4
 753 000e D2F8F030 		ldr	r3, [r2, #240]
 754 0012 23F00053 		bic	r3, r3, #536870912
 755 0016 C2F8F030 		str	r3, [r2, #240]
 244:Src/hrtim.c   **** 
 756              		.loc 1 244 5 view .LVU247
 757 001a 1021     		movs	r1, #16
 758 001c 0948     		ldr	r0, .L45+8
 759              	.LVL43:
 244:Src/hrtim.c   **** 
 760              		.loc 1 244 5 is_stmt 0 view .LVU248
 761 001e FFF7FEFF 		bl	HAL_GPIO_DeInit
 762              	.LVL44:
 246:Src/hrtim.c   **** 
 763              		.loc 1 246 5 is_stmt 1 view .LVU249
 764 0022 0221     		movs	r1, #2
 765 0024 0848     		ldr	r0, .L45+12
 766 0026 FFF7FEFF 		bl	HAL_GPIO_DeInit
 767              	.LVL45:
 248:Src/hrtim.c   **** 
 768              		.loc 1 248 5 view .LVU250
 769 002a C021     		movs	r1, #192
 770 002c 0748     		ldr	r0, .L45+16
 771 002e FFF7FEFF 		bl	HAL_GPIO_DeInit
 772              	.LVL46:
 250:Src/hrtim.c   **** 
 773              		.loc 1 250 5 view .LVU251
 774 0032 C021     		movs	r1, #192
 775 0034 0648     		ldr	r0, .L45+20
 776 0036 FFF7FEFF 		bl	HAL_GPIO_DeInit
 777              	.LVL47:
 778              		.loc 1 256 1 is_stmt 0 view .LVU252
 779 003a E6E7     		b	.L41
 780              	.L46:
ARM GAS  C:\Users\simon\AppData\Local\Temp\ccNl1Nje.s 			page 23


 781              		.align	2
 782              	.L45:
 783 003c 00740140 		.word	1073837056
 784 0040 00440258 		.word	1476543488
 785 0044 000C0258 		.word	1476529152
 786 0048 00100258 		.word	1476530176
 787 004c 00080258 		.word	1476528128
 788 0050 00180258 		.word	1476532224
 789              		.cfi_endproc
 790              	.LFE334:
 792              		.global	hhrtim
 793              		.section	.bss.hhrtim,"aw",%nobits
 794              		.align	2
 795              		.set	.LANCHOR0,. + 0
 798              	hhrtim:
 799 0000 00000000 		.space	220
 799      00000000 
 799      00000000 
 799      00000000 
 799      00000000 
 800              		.text
 801              	.Letext0:
 802              		.file 2 "c:\\nes\\arm\\10 2021.10\\arm-none-eabi\\include\\machine\\_default_types.h"
 803              		.file 3 "c:\\nes\\arm\\10 2021.10\\arm-none-eabi\\include\\sys\\_stdint.h"
 804              		.file 4 "Drivers/CMSIS/Device/ST/STM32H7xx/Include/stm32h743xx.h"
 805              		.file 5 "Drivers/STM32H7xx_HAL_Driver/Inc/stm32h7xx_hal_def.h"
 806              		.file 6 "Drivers/STM32H7xx_HAL_Driver/Inc/stm32h7xx_hal_rcc_ex.h"
 807              		.file 7 "Drivers/STM32H7xx_HAL_Driver/Inc/stm32h7xx_hal_gpio.h"
 808              		.file 8 "Drivers/STM32H7xx_HAL_Driver/Inc/stm32h7xx_hal_dma.h"
 809              		.file 9 "Drivers/STM32H7xx_HAL_Driver/Inc/stm32h7xx_hal_hrtim.h"
 810              		.file 10 "Inc/main.h"
 811              		.file 11 "Inc/hrtim.h"
 812              		.file 12 "<built-in>"
ARM GAS  C:\Users\simon\AppData\Local\Temp\ccNl1Nje.s 			page 24


DEFINED SYMBOLS
                            *ABS*:00000000 hrtim.c
C:\Users\simon\AppData\Local\Temp\ccNl1Nje.s:19     .text.HAL_HRTIM_MspInit:00000000 $t
C:\Users\simon\AppData\Local\Temp\ccNl1Nje.s:25     .text.HAL_HRTIM_MspInit:00000000 HAL_HRTIM_MspInit
C:\Users\simon\AppData\Local\Temp\ccNl1Nje.s:155    .text.HAL_HRTIM_MspInit:00000088 $d
C:\Users\simon\AppData\Local\Temp\ccNl1Nje.s:162    .text.HAL_HRTIM_MspPostInit:00000000 $t
C:\Users\simon\AppData\Local\Temp\ccNl1Nje.s:168    .text.HAL_HRTIM_MspPostInit:00000000 HAL_HRTIM_MspPostInit
C:\Users\simon\AppData\Local\Temp\ccNl1Nje.s:331    .text.HAL_HRTIM_MspPostInit:000000a8 $d
C:\Users\simon\AppData\Local\Temp\ccNl1Nje.s:340    .text.MX_HRTIM_Init:00000000 $t
C:\Users\simon\AppData\Local\Temp\ccNl1Nje.s:346    .text.MX_HRTIM_Init:00000000 MX_HRTIM_Init
C:\Users\simon\AppData\Local\Temp\ccNl1Nje.s:713    .text.MX_HRTIM_Init:0000017c $d
C:\Users\simon\AppData\Local\Temp\ccNl1Nje.s:719    .text.HAL_HRTIM_MspDeInit:00000000 $t
C:\Users\simon\AppData\Local\Temp\ccNl1Nje.s:725    .text.HAL_HRTIM_MspDeInit:00000000 HAL_HRTIM_MspDeInit
C:\Users\simon\AppData\Local\Temp\ccNl1Nje.s:783    .text.HAL_HRTIM_MspDeInit:0000003c $d
C:\Users\simon\AppData\Local\Temp\ccNl1Nje.s:798    .bss.hhrtim:00000000 hhrtim
C:\Users\simon\AppData\Local\Temp\ccNl1Nje.s:794    .bss.hhrtim:00000000 $d

UNDEFINED SYMBOLS
memset
HAL_RCCEx_PeriphCLKConfig
HAL_GPIO_Init
Error_Handler
HAL_HRTIM_Init
HAL_HRTIM_FaultPrescalerConfig
HAL_HRTIM_FaultConfig
HAL_HRTIM_FaultModeCtl
HAL_HRTIM_TimeBaseConfig
HAL_HRTIM_WaveformTimerConfig
HAL_HRTIM_WaveformOutputConfig
HAL_GPIO_DeInit
