ARM GAS  C:\Users\simon\AppData\Local\Temp\ccJQNFhJ.s 			page 1


   1              		.cpu cortex-m7
   2              		.arch armv7e-m
   3              		.fpu fpv5-d16
   4              		.eabi_attribute 28, 1
   5              		.eabi_attribute 20, 1
   6              		.eabi_attribute 21, 1
   7              		.eabi_attribute 23, 3
   8              		.eabi_attribute 24, 1
   9              		.eabi_attribute 25, 1
  10              		.eabi_attribute 26, 1
  11              		.eabi_attribute 30, 1
  12              		.eabi_attribute 34, 1
  13              		.eabi_attribute 18, 4
  14              		.file	"stm32h7xx_it.c"
  15              		.text
  16              	.Ltext0:
  17              		.cfi_sections	.debug_frame
  18              		.section	.text.NMI_Handler,"ax",%progbits
  19              		.align	1
  20              		.global	NMI_Handler
  21              		.syntax unified
  22              		.thumb
  23              		.thumb_func
  25              	NMI_Handler:
  26              	.LFB331:
  27              		.file 1 "Src/stm32h7xx_it.c"
   1:Src/stm32h7xx_it.c **** /* USER CODE BEGIN Header */
   2:Src/stm32h7xx_it.c **** /**
   3:Src/stm32h7xx_it.c ****   ******************************************************************************
   4:Src/stm32h7xx_it.c ****   * @file    stm32h7xx_it.c
   5:Src/stm32h7xx_it.c ****   * @brief   Interrupt Service Routines.
   6:Src/stm32h7xx_it.c ****   ******************************************************************************
   7:Src/stm32h7xx_it.c ****   * @attention
   8:Src/stm32h7xx_it.c ****   *
   9:Src/stm32h7xx_it.c ****   * <h2><center>&copy; Copyright (c) 2026 STMicroelectronics.
  10:Src/stm32h7xx_it.c ****   * All rights reserved.</center></h2>
  11:Src/stm32h7xx_it.c ****   *
  12:Src/stm32h7xx_it.c ****   * This software component is licensed by ST under BSD 3-Clause license,
  13:Src/stm32h7xx_it.c ****   * the "License"; You may not use this file except in compliance with the
  14:Src/stm32h7xx_it.c ****   * License. You may obtain a copy of the License at:
  15:Src/stm32h7xx_it.c ****   *                        opensource.org/licenses/BSD-3-Clause
  16:Src/stm32h7xx_it.c ****   *
  17:Src/stm32h7xx_it.c ****   ******************************************************************************
  18:Src/stm32h7xx_it.c ****   */
  19:Src/stm32h7xx_it.c **** /* USER CODE END Header */
  20:Src/stm32h7xx_it.c **** 
  21:Src/stm32h7xx_it.c **** /* Includes ------------------------------------------------------------------*/
  22:Src/stm32h7xx_it.c **** #include "main.h"
  23:Src/stm32h7xx_it.c **** #include "stm32h7xx_it.h"
  24:Src/stm32h7xx_it.c **** /* Private includes ----------------------------------------------------------*/
  25:Src/stm32h7xx_it.c **** /* USER CODE BEGIN Includes */
  26:Src/stm32h7xx_it.c **** /* USER CODE END Includes */
  27:Src/stm32h7xx_it.c **** 
  28:Src/stm32h7xx_it.c **** /* Private typedef -----------------------------------------------------------*/
  29:Src/stm32h7xx_it.c **** /* USER CODE BEGIN TD */
  30:Src/stm32h7xx_it.c **** 
  31:Src/stm32h7xx_it.c **** /* USER CODE END TD */
ARM GAS  C:\Users\simon\AppData\Local\Temp\ccJQNFhJ.s 			page 2


  32:Src/stm32h7xx_it.c **** 
  33:Src/stm32h7xx_it.c **** /* Private define ------------------------------------------------------------*/
  34:Src/stm32h7xx_it.c **** /* USER CODE BEGIN PD */
  35:Src/stm32h7xx_it.c **** 
  36:Src/stm32h7xx_it.c **** /* USER CODE END PD */
  37:Src/stm32h7xx_it.c **** 
  38:Src/stm32h7xx_it.c **** /* Private macro -------------------------------------------------------------*/
  39:Src/stm32h7xx_it.c **** /* USER CODE BEGIN PM */
  40:Src/stm32h7xx_it.c **** 
  41:Src/stm32h7xx_it.c **** /* USER CODE END PM */
  42:Src/stm32h7xx_it.c **** 
  43:Src/stm32h7xx_it.c **** /* Private variables ---------------------------------------------------------*/
  44:Src/stm32h7xx_it.c **** /* USER CODE BEGIN PV */
  45:Src/stm32h7xx_it.c **** 
  46:Src/stm32h7xx_it.c **** /* USER CODE END PV */
  47:Src/stm32h7xx_it.c **** 
  48:Src/stm32h7xx_it.c **** /* Private function prototypes -----------------------------------------------*/
  49:Src/stm32h7xx_it.c **** /* USER CODE BEGIN PFP */
  50:Src/stm32h7xx_it.c **** 
  51:Src/stm32h7xx_it.c **** /* USER CODE END PFP */
  52:Src/stm32h7xx_it.c **** 
  53:Src/stm32h7xx_it.c **** /* Private user code ---------------------------------------------------------*/
  54:Src/stm32h7xx_it.c **** /* USER CODE BEGIN 0 */
  55:Src/stm32h7xx_it.c **** 
  56:Src/stm32h7xx_it.c **** /* USER CODE END 0 */
  57:Src/stm32h7xx_it.c **** 
  58:Src/stm32h7xx_it.c **** /* External variables --------------------------------------------------------*/
  59:Src/stm32h7xx_it.c **** extern DMA_HandleTypeDef hdma_adc1;
  60:Src/stm32h7xx_it.c **** extern ADC_HandleTypeDef hadc1;
  61:Src/stm32h7xx_it.c **** extern ADC_HandleTypeDef hadc2;
  62:Src/stm32h7xx_it.c **** extern DMA_HandleTypeDef hdma_dac1_ch1;
  63:Src/stm32h7xx_it.c **** extern DMA_HandleTypeDef hdma_dac1_ch2;
  64:Src/stm32h7xx_it.c **** extern TIM_HandleTypeDef htim1;
  65:Src/stm32h7xx_it.c **** /* USER CODE BEGIN EV */
  66:Src/stm32h7xx_it.c **** 
  67:Src/stm32h7xx_it.c **** /* USER CODE END EV */
  68:Src/stm32h7xx_it.c **** 
  69:Src/stm32h7xx_it.c **** /******************************************************************************/
  70:Src/stm32h7xx_it.c **** /*           Cortex Processor Interruption and Exception Handlers          */
  71:Src/stm32h7xx_it.c **** /******************************************************************************/
  72:Src/stm32h7xx_it.c **** /**
  73:Src/stm32h7xx_it.c ****   * @brief This function handles Non maskable interrupt.
  74:Src/stm32h7xx_it.c ****   */
  75:Src/stm32h7xx_it.c **** void NMI_Handler(void)
  76:Src/stm32h7xx_it.c **** {
  28              		.loc 1 76 1 view -0
  29              		.cfi_startproc
  30              		@ Volatile: function does not return.
  31              		@ args = 0, pretend = 0, frame = 0
  32              		@ frame_needed = 0, uses_anonymous_args = 0
  33              		@ link register save eliminated.
  34              	.L2:
  77:Src/stm32h7xx_it.c ****   /* USER CODE BEGIN NonMaskableInt_IRQn 0 */
  78:Src/stm32h7xx_it.c **** 
  79:Src/stm32h7xx_it.c ****   /* USER CODE END NonMaskableInt_IRQn 0 */
  80:Src/stm32h7xx_it.c ****   /* USER CODE BEGIN NonMaskableInt_IRQn 1 */
  81:Src/stm32h7xx_it.c ****   while (1)
ARM GAS  C:\Users\simon\AppData\Local\Temp\ccJQNFhJ.s 			page 3


  35              		.loc 1 81 3 discriminator 1 view .LVU1
  82:Src/stm32h7xx_it.c ****   {
  83:Src/stm32h7xx_it.c ****   }
  36              		.loc 1 83 3 discriminator 1 view .LVU2
  81:Src/stm32h7xx_it.c ****   {
  37              		.loc 1 81 9 discriminator 1 view .LVU3
  38 0000 FEE7     		b	.L2
  39              		.cfi_endproc
  40              	.LFE331:
  42              		.section	.text.HardFault_Handler,"ax",%progbits
  43              		.align	1
  44              		.global	HardFault_Handler
  45              		.syntax unified
  46              		.thumb
  47              		.thumb_func
  49              	HardFault_Handler:
  50              	.LFB332:
  84:Src/stm32h7xx_it.c ****   /* USER CODE END NonMaskableInt_IRQn 1 */
  85:Src/stm32h7xx_it.c **** }
  86:Src/stm32h7xx_it.c **** 
  87:Src/stm32h7xx_it.c **** /**
  88:Src/stm32h7xx_it.c ****   * @brief This function handles Hard fault interrupt.
  89:Src/stm32h7xx_it.c ****   */
  90:Src/stm32h7xx_it.c **** void HardFault_Handler(void)
  91:Src/stm32h7xx_it.c **** {
  51              		.loc 1 91 1 view -0
  52              		.cfi_startproc
  53              		@ Volatile: function does not return.
  54              		@ args = 0, pretend = 0, frame = 0
  55              		@ frame_needed = 0, uses_anonymous_args = 0
  56              		@ link register save eliminated.
  57              	.L4:
  92:Src/stm32h7xx_it.c ****   /* USER CODE BEGIN HardFault_IRQn 0 */
  93:Src/stm32h7xx_it.c **** 
  94:Src/stm32h7xx_it.c ****   /* USER CODE END HardFault_IRQn 0 */
  95:Src/stm32h7xx_it.c ****   while (1)
  58              		.loc 1 95 3 discriminator 1 view .LVU5
  96:Src/stm32h7xx_it.c ****   {
  97:Src/stm32h7xx_it.c ****     /* USER CODE BEGIN W1_HardFault_IRQn 0 */
  98:Src/stm32h7xx_it.c ****     /* USER CODE END W1_HardFault_IRQn 0 */
  99:Src/stm32h7xx_it.c ****   }
  59              		.loc 1 99 3 discriminator 1 view .LVU6
  95:Src/stm32h7xx_it.c ****   {
  60              		.loc 1 95 9 discriminator 1 view .LVU7
  61 0000 FEE7     		b	.L4
  62              		.cfi_endproc
  63              	.LFE332:
  65              		.section	.text.MemManage_Handler,"ax",%progbits
  66              		.align	1
  67              		.global	MemManage_Handler
  68              		.syntax unified
  69              		.thumb
  70              		.thumb_func
  72              	MemManage_Handler:
  73              	.LFB333:
 100:Src/stm32h7xx_it.c **** }
 101:Src/stm32h7xx_it.c **** 
ARM GAS  C:\Users\simon\AppData\Local\Temp\ccJQNFhJ.s 			page 4


 102:Src/stm32h7xx_it.c **** /**
 103:Src/stm32h7xx_it.c ****   * @brief This function handles Memory management fault.
 104:Src/stm32h7xx_it.c ****   */
 105:Src/stm32h7xx_it.c **** void MemManage_Handler(void)
 106:Src/stm32h7xx_it.c **** {
  74              		.loc 1 106 1 view -0
  75              		.cfi_startproc
  76              		@ Volatile: function does not return.
  77              		@ args = 0, pretend = 0, frame = 0
  78              		@ frame_needed = 0, uses_anonymous_args = 0
  79              		@ link register save eliminated.
  80              	.L6:
 107:Src/stm32h7xx_it.c ****   /* USER CODE BEGIN MemoryManagement_IRQn 0 */
 108:Src/stm32h7xx_it.c **** 
 109:Src/stm32h7xx_it.c ****   /* USER CODE END MemoryManagement_IRQn 0 */
 110:Src/stm32h7xx_it.c ****   while (1)
  81              		.loc 1 110 3 discriminator 1 view .LVU9
 111:Src/stm32h7xx_it.c ****   {
 112:Src/stm32h7xx_it.c ****     /* USER CODE BEGIN W1_MemoryManagement_IRQn 0 */
 113:Src/stm32h7xx_it.c ****     /* USER CODE END W1_MemoryManagement_IRQn 0 */
 114:Src/stm32h7xx_it.c ****   }
  82              		.loc 1 114 3 discriminator 1 view .LVU10
 110:Src/stm32h7xx_it.c ****   {
  83              		.loc 1 110 9 discriminator 1 view .LVU11
  84 0000 FEE7     		b	.L6
  85              		.cfi_endproc
  86              	.LFE333:
  88              		.section	.text.BusFault_Handler,"ax",%progbits
  89              		.align	1
  90              		.global	BusFault_Handler
  91              		.syntax unified
  92              		.thumb
  93              		.thumb_func
  95              	BusFault_Handler:
  96              	.LFB334:
 115:Src/stm32h7xx_it.c **** }
 116:Src/stm32h7xx_it.c **** 
 117:Src/stm32h7xx_it.c **** /**
 118:Src/stm32h7xx_it.c ****   * @brief This function handles Pre-fetch fault, memory access fault.
 119:Src/stm32h7xx_it.c ****   */
 120:Src/stm32h7xx_it.c **** void BusFault_Handler(void)
 121:Src/stm32h7xx_it.c **** {
  97              		.loc 1 121 1 view -0
  98              		.cfi_startproc
  99              		@ Volatile: function does not return.
 100              		@ args = 0, pretend = 0, frame = 0
 101              		@ frame_needed = 0, uses_anonymous_args = 0
 102              		@ link register save eliminated.
 103              	.L8:
 122:Src/stm32h7xx_it.c ****   /* USER CODE BEGIN BusFault_IRQn 0 */
 123:Src/stm32h7xx_it.c **** 
 124:Src/stm32h7xx_it.c ****   /* USER CODE END BusFault_IRQn 0 */
 125:Src/stm32h7xx_it.c ****   while (1)
 104              		.loc 1 125 3 discriminator 1 view .LVU13
 126:Src/stm32h7xx_it.c ****   {
 127:Src/stm32h7xx_it.c ****     /* USER CODE BEGIN W1_BusFault_IRQn 0 */
 128:Src/stm32h7xx_it.c ****     /* USER CODE END W1_BusFault_IRQn 0 */
ARM GAS  C:\Users\simon\AppData\Local\Temp\ccJQNFhJ.s 			page 5


 129:Src/stm32h7xx_it.c ****   }
 105              		.loc 1 129 3 discriminator 1 view .LVU14
 125:Src/stm32h7xx_it.c ****   {
 106              		.loc 1 125 9 discriminator 1 view .LVU15
 107 0000 FEE7     		b	.L8
 108              		.cfi_endproc
 109              	.LFE334:
 111              		.section	.text.UsageFault_Handler,"ax",%progbits
 112              		.align	1
 113              		.global	UsageFault_Handler
 114              		.syntax unified
 115              		.thumb
 116              		.thumb_func
 118              	UsageFault_Handler:
 119              	.LFB335:
 130:Src/stm32h7xx_it.c **** }
 131:Src/stm32h7xx_it.c **** 
 132:Src/stm32h7xx_it.c **** /**
 133:Src/stm32h7xx_it.c ****   * @brief This function handles Undefined instruction or illegal state.
 134:Src/stm32h7xx_it.c ****   */
 135:Src/stm32h7xx_it.c **** void UsageFault_Handler(void)
 136:Src/stm32h7xx_it.c **** {
 120              		.loc 1 136 1 view -0
 121              		.cfi_startproc
 122              		@ Volatile: function does not return.
 123              		@ args = 0, pretend = 0, frame = 0
 124              		@ frame_needed = 0, uses_anonymous_args = 0
 125              		@ link register save eliminated.
 126              	.L10:
 137:Src/stm32h7xx_it.c ****   /* USER CODE BEGIN UsageFault_IRQn 0 */
 138:Src/stm32h7xx_it.c **** 
 139:Src/stm32h7xx_it.c ****   /* USER CODE END UsageFault_IRQn 0 */
 140:Src/stm32h7xx_it.c ****   while (1)
 127              		.loc 1 140 3 discriminator 1 view .LVU17
 141:Src/stm32h7xx_it.c ****   {
 142:Src/stm32h7xx_it.c ****     /* USER CODE BEGIN W1_UsageFault_IRQn 0 */
 143:Src/stm32h7xx_it.c ****     /* USER CODE END W1_UsageFault_IRQn 0 */
 144:Src/stm32h7xx_it.c ****   }
 128              		.loc 1 144 3 discriminator 1 view .LVU18
 140:Src/stm32h7xx_it.c ****   {
 129              		.loc 1 140 9 discriminator 1 view .LVU19
 130 0000 FEE7     		b	.L10
 131              		.cfi_endproc
 132              	.LFE335:
 134              		.section	.text.SVC_Handler,"ax",%progbits
 135              		.align	1
 136              		.global	SVC_Handler
 137              		.syntax unified
 138              		.thumb
 139              		.thumb_func
 141              	SVC_Handler:
 142              	.LFB336:
 145:Src/stm32h7xx_it.c **** }
 146:Src/stm32h7xx_it.c **** 
 147:Src/stm32h7xx_it.c **** /**
 148:Src/stm32h7xx_it.c ****   * @brief This function handles System service call via SWI instruction.
 149:Src/stm32h7xx_it.c ****   */
ARM GAS  C:\Users\simon\AppData\Local\Temp\ccJQNFhJ.s 			page 6


 150:Src/stm32h7xx_it.c **** void SVC_Handler(void)
 151:Src/stm32h7xx_it.c **** {
 143              		.loc 1 151 1 view -0
 144              		.cfi_startproc
 145              		@ args = 0, pretend = 0, frame = 0
 146              		@ frame_needed = 0, uses_anonymous_args = 0
 147              		@ link register save eliminated.
 152:Src/stm32h7xx_it.c ****   /* USER CODE BEGIN SVCall_IRQn 0 */
 153:Src/stm32h7xx_it.c **** 
 154:Src/stm32h7xx_it.c ****   /* USER CODE END SVCall_IRQn 0 */
 155:Src/stm32h7xx_it.c ****   /* USER CODE BEGIN SVCall_IRQn 1 */
 156:Src/stm32h7xx_it.c **** 
 157:Src/stm32h7xx_it.c ****   /* USER CODE END SVCall_IRQn 1 */
 158:Src/stm32h7xx_it.c **** }
 148              		.loc 1 158 1 view .LVU21
 149 0000 7047     		bx	lr
 150              		.cfi_endproc
 151              	.LFE336:
 153              		.section	.text.DebugMon_Handler,"ax",%progbits
 154              		.align	1
 155              		.global	DebugMon_Handler
 156              		.syntax unified
 157              		.thumb
 158              		.thumb_func
 160              	DebugMon_Handler:
 161              	.LFB337:
 159:Src/stm32h7xx_it.c **** 
 160:Src/stm32h7xx_it.c **** /**
 161:Src/stm32h7xx_it.c ****   * @brief This function handles Debug monitor.
 162:Src/stm32h7xx_it.c ****   */
 163:Src/stm32h7xx_it.c **** void DebugMon_Handler(void)
 164:Src/stm32h7xx_it.c **** {
 162              		.loc 1 164 1 view -0
 163              		.cfi_startproc
 164              		@ args = 0, pretend = 0, frame = 0
 165              		@ frame_needed = 0, uses_anonymous_args = 0
 166              		@ link register save eliminated.
 165:Src/stm32h7xx_it.c ****   /* USER CODE BEGIN DebugMonitor_IRQn 0 */
 166:Src/stm32h7xx_it.c **** 
 167:Src/stm32h7xx_it.c ****   /* USER CODE END DebugMonitor_IRQn 0 */
 168:Src/stm32h7xx_it.c ****   /* USER CODE BEGIN DebugMonitor_IRQn 1 */
 169:Src/stm32h7xx_it.c **** 
 170:Src/stm32h7xx_it.c ****   /* USER CODE END DebugMonitor_IRQn 1 */
 171:Src/stm32h7xx_it.c **** }
 167              		.loc 1 171 1 view .LVU23
 168 0000 7047     		bx	lr
 169              		.cfi_endproc
 170              	.LFE337:
 172              		.section	.text.PendSV_Handler,"ax",%progbits
 173              		.align	1
 174              		.global	PendSV_Handler
 175              		.syntax unified
 176              		.thumb
 177              		.thumb_func
 179              	PendSV_Handler:
 180              	.LFB338:
 172:Src/stm32h7xx_it.c **** 
ARM GAS  C:\Users\simon\AppData\Local\Temp\ccJQNFhJ.s 			page 7


 173:Src/stm32h7xx_it.c **** /**
 174:Src/stm32h7xx_it.c ****   * @brief This function handles Pendable request for system service.
 175:Src/stm32h7xx_it.c ****   */
 176:Src/stm32h7xx_it.c **** void PendSV_Handler(void)
 177:Src/stm32h7xx_it.c **** {
 181              		.loc 1 177 1 view -0
 182              		.cfi_startproc
 183              		@ args = 0, pretend = 0, frame = 0
 184              		@ frame_needed = 0, uses_anonymous_args = 0
 185              		@ link register save eliminated.
 178:Src/stm32h7xx_it.c ****   /* USER CODE BEGIN PendSV_IRQn 0 */
 179:Src/stm32h7xx_it.c **** 
 180:Src/stm32h7xx_it.c ****   /* USER CODE END PendSV_IRQn 0 */
 181:Src/stm32h7xx_it.c ****   /* USER CODE BEGIN PendSV_IRQn 1 */
 182:Src/stm32h7xx_it.c **** 
 183:Src/stm32h7xx_it.c ****   /* USER CODE END PendSV_IRQn 1 */
 184:Src/stm32h7xx_it.c **** }
 186              		.loc 1 184 1 view .LVU25
 187 0000 7047     		bx	lr
 188              		.cfi_endproc
 189              	.LFE338:
 191              		.section	.text.SysTick_Handler,"ax",%progbits
 192              		.align	1
 193              		.global	SysTick_Handler
 194              		.syntax unified
 195              		.thumb
 196              		.thumb_func
 198              	SysTick_Handler:
 199              	.LFB339:
 185:Src/stm32h7xx_it.c **** 
 186:Src/stm32h7xx_it.c **** /**
 187:Src/stm32h7xx_it.c ****   * @brief This function handles System tick timer.
 188:Src/stm32h7xx_it.c ****   */
 189:Src/stm32h7xx_it.c **** void SysTick_Handler(void)
 190:Src/stm32h7xx_it.c **** {
 200              		.loc 1 190 1 view -0
 201              		.cfi_startproc
 202              		@ args = 0, pretend = 0, frame = 0
 203              		@ frame_needed = 0, uses_anonymous_args = 0
 204 0000 08B5     		push	{r3, lr}
 205              	.LCFI0:
 206              		.cfi_def_cfa_offset 8
 207              		.cfi_offset 3, -8
 208              		.cfi_offset 14, -4
 191:Src/stm32h7xx_it.c ****   /* USER CODE BEGIN SysTick_IRQn 0 */
 192:Src/stm32h7xx_it.c **** 
 193:Src/stm32h7xx_it.c ****   /* USER CODE END SysTick_IRQn 0 */
 194:Src/stm32h7xx_it.c ****   HAL_IncTick();
 209              		.loc 1 194 3 view .LVU27
 210 0002 FFF7FEFF 		bl	HAL_IncTick
 211              	.LVL0:
 195:Src/stm32h7xx_it.c ****   /* USER CODE BEGIN SysTick_IRQn 1 */
 196:Src/stm32h7xx_it.c **** 
 197:Src/stm32h7xx_it.c ****   /* USER CODE END SysTick_IRQn 1 */
 198:Src/stm32h7xx_it.c **** }
 212              		.loc 1 198 1 is_stmt 0 view .LVU28
 213 0006 08BD     		pop	{r3, pc}
ARM GAS  C:\Users\simon\AppData\Local\Temp\ccJQNFhJ.s 			page 8


 214              		.cfi_endproc
 215              	.LFE339:
 217              		.section	.text.DMA1_Stream2_IRQHandler,"ax",%progbits
 218              		.align	1
 219              		.global	DMA1_Stream2_IRQHandler
 220              		.syntax unified
 221              		.thumb
 222              		.thumb_func
 224              	DMA1_Stream2_IRQHandler:
 225              	.LFB340:
 199:Src/stm32h7xx_it.c **** 
 200:Src/stm32h7xx_it.c **** /******************************************************************************/
 201:Src/stm32h7xx_it.c **** /* STM32H7xx Peripheral Interrupt Handlers                                    */
 202:Src/stm32h7xx_it.c **** /* Add here the Interrupt Handlers for the used peripherals.                  */
 203:Src/stm32h7xx_it.c **** /* For the available peripheral interrupt handler names,                      */
 204:Src/stm32h7xx_it.c **** /* please refer to the startup file (startup_stm32h7xx.s).                    */
 205:Src/stm32h7xx_it.c **** /******************************************************************************/
 206:Src/stm32h7xx_it.c **** 
 207:Src/stm32h7xx_it.c **** /**
 208:Src/stm32h7xx_it.c ****   * @brief This function handles DMA1 stream2 global interrupt.
 209:Src/stm32h7xx_it.c ****   */
 210:Src/stm32h7xx_it.c **** void DMA1_Stream2_IRQHandler(void)
 211:Src/stm32h7xx_it.c **** {
 226              		.loc 1 211 1 is_stmt 1 view -0
 227              		.cfi_startproc
 228              		@ args = 0, pretend = 0, frame = 0
 229              		@ frame_needed = 0, uses_anonymous_args = 0
 230 0000 08B5     		push	{r3, lr}
 231              	.LCFI1:
 232              		.cfi_def_cfa_offset 8
 233              		.cfi_offset 3, -8
 234              		.cfi_offset 14, -4
 212:Src/stm32h7xx_it.c ****   /* USER CODE BEGIN DMA1_Stream2_IRQn 0 */
 213:Src/stm32h7xx_it.c **** 
 214:Src/stm32h7xx_it.c ****   /* USER CODE END DMA1_Stream2_IRQn 0 */
 215:Src/stm32h7xx_it.c ****   HAL_DMA_IRQHandler(&hdma_dac1_ch1);
 235              		.loc 1 215 3 view .LVU30
 236 0002 0248     		ldr	r0, .L18
 237 0004 FFF7FEFF 		bl	HAL_DMA_IRQHandler
 238              	.LVL1:
 216:Src/stm32h7xx_it.c ****   /* USER CODE BEGIN DMA1_Stream2_IRQn 1 */
 217:Src/stm32h7xx_it.c **** 
 218:Src/stm32h7xx_it.c ****   /* USER CODE END DMA1_Stream2_IRQn 1 */
 219:Src/stm32h7xx_it.c **** }
 239              		.loc 1 219 1 is_stmt 0 view .LVU31
 240 0008 08BD     		pop	{r3, pc}
 241              	.L19:
 242 000a 00BF     		.align	2
 243              	.L18:
 244 000c 00000000 		.word	hdma_dac1_ch1
 245              		.cfi_endproc
 246              	.LFE340:
 248              		.section	.text.DMA1_Stream3_IRQHandler,"ax",%progbits
 249              		.align	1
 250              		.global	DMA1_Stream3_IRQHandler
 251              		.syntax unified
 252              		.thumb
ARM GAS  C:\Users\simon\AppData\Local\Temp\ccJQNFhJ.s 			page 9


 253              		.thumb_func
 255              	DMA1_Stream3_IRQHandler:
 256              	.LFB341:
 220:Src/stm32h7xx_it.c **** 
 221:Src/stm32h7xx_it.c **** /**
 222:Src/stm32h7xx_it.c ****   * @brief This function handles DMA1 stream3 global interrupt.
 223:Src/stm32h7xx_it.c ****   */
 224:Src/stm32h7xx_it.c **** void DMA1_Stream3_IRQHandler(void)
 225:Src/stm32h7xx_it.c **** {
 257              		.loc 1 225 1 is_stmt 1 view -0
 258              		.cfi_startproc
 259              		@ args = 0, pretend = 0, frame = 0
 260              		@ frame_needed = 0, uses_anonymous_args = 0
 261 0000 08B5     		push	{r3, lr}
 262              	.LCFI2:
 263              		.cfi_def_cfa_offset 8
 264              		.cfi_offset 3, -8
 265              		.cfi_offset 14, -4
 226:Src/stm32h7xx_it.c ****   /* USER CODE BEGIN DMA1_Stream3_IRQn 0 */
 227:Src/stm32h7xx_it.c **** 
 228:Src/stm32h7xx_it.c ****   /* USER CODE END DMA1_Stream3_IRQn 0 */
 229:Src/stm32h7xx_it.c ****   HAL_DMA_IRQHandler(&hdma_dac1_ch2);
 266              		.loc 1 229 3 view .LVU33
 267 0002 0248     		ldr	r0, .L22
 268 0004 FFF7FEFF 		bl	HAL_DMA_IRQHandler
 269              	.LVL2:
 230:Src/stm32h7xx_it.c ****   /* USER CODE BEGIN DMA1_Stream3_IRQn 1 */
 231:Src/stm32h7xx_it.c **** 
 232:Src/stm32h7xx_it.c ****   /* USER CODE END DMA1_Stream3_IRQn 1 */
 233:Src/stm32h7xx_it.c **** }
 270              		.loc 1 233 1 is_stmt 0 view .LVU34
 271 0008 08BD     		pop	{r3, pc}
 272              	.L23:
 273 000a 00BF     		.align	2
 274              	.L22:
 275 000c 00000000 		.word	hdma_dac1_ch2
 276              		.cfi_endproc
 277              	.LFE341:
 279              		.section	.text.DMA1_Stream4_IRQHandler,"ax",%progbits
 280              		.align	1
 281              		.global	DMA1_Stream4_IRQHandler
 282              		.syntax unified
 283              		.thumb
 284              		.thumb_func
 286              	DMA1_Stream4_IRQHandler:
 287              	.LFB342:
 234:Src/stm32h7xx_it.c **** 
 235:Src/stm32h7xx_it.c **** /**
 236:Src/stm32h7xx_it.c ****   * @brief This function handles DMA1 stream4 global interrupt.
 237:Src/stm32h7xx_it.c ****   */
 238:Src/stm32h7xx_it.c **** void DMA1_Stream4_IRQHandler(void)
 239:Src/stm32h7xx_it.c **** {
 288              		.loc 1 239 1 is_stmt 1 view -0
 289              		.cfi_startproc
 290              		@ args = 0, pretend = 0, frame = 0
 291              		@ frame_needed = 0, uses_anonymous_args = 0
 292 0000 08B5     		push	{r3, lr}
ARM GAS  C:\Users\simon\AppData\Local\Temp\ccJQNFhJ.s 			page 10


 293              	.LCFI3:
 294              		.cfi_def_cfa_offset 8
 295              		.cfi_offset 3, -8
 296              		.cfi_offset 14, -4
 240:Src/stm32h7xx_it.c ****   /* USER CODE BEGIN DMA1_Stream4_IRQn 0 */
 241:Src/stm32h7xx_it.c **** 
 242:Src/stm32h7xx_it.c ****   /* USER CODE END DMA1_Stream4_IRQn 0 */
 243:Src/stm32h7xx_it.c ****   HAL_DMA_IRQHandler(&hdma_adc1);
 297              		.loc 1 243 3 view .LVU36
 298 0002 0248     		ldr	r0, .L26
 299 0004 FFF7FEFF 		bl	HAL_DMA_IRQHandler
 300              	.LVL3:
 244:Src/stm32h7xx_it.c ****   /* USER CODE BEGIN DMA1_Stream4_IRQn 1 */
 245:Src/stm32h7xx_it.c **** 
 246:Src/stm32h7xx_it.c ****   /* USER CODE END DMA1_Stream4_IRQn 1 */
 247:Src/stm32h7xx_it.c **** }
 301              		.loc 1 247 1 is_stmt 0 view .LVU37
 302 0008 08BD     		pop	{r3, pc}
 303              	.L27:
 304 000a 00BF     		.align	2
 305              	.L26:
 306 000c 00000000 		.word	hdma_adc1
 307              		.cfi_endproc
 308              	.LFE342:
 310              		.section	.text.ADC_IRQHandler,"ax",%progbits
 311              		.align	1
 312              		.global	ADC_IRQHandler
 313              		.syntax unified
 314              		.thumb
 315              		.thumb_func
 317              	ADC_IRQHandler:
 318              	.LFB343:
 248:Src/stm32h7xx_it.c **** 
 249:Src/stm32h7xx_it.c **** /**
 250:Src/stm32h7xx_it.c ****   * @brief This function handles ADC1 and ADC2 global interrupts.
 251:Src/stm32h7xx_it.c ****   */
 252:Src/stm32h7xx_it.c **** void ADC_IRQHandler(void)
 253:Src/stm32h7xx_it.c **** {
 319              		.loc 1 253 1 is_stmt 1 view -0
 320              		.cfi_startproc
 321              		@ args = 0, pretend = 0, frame = 0
 322              		@ frame_needed = 0, uses_anonymous_args = 0
 323 0000 08B5     		push	{r3, lr}
 324              	.LCFI4:
 325              		.cfi_def_cfa_offset 8
 326              		.cfi_offset 3, -8
 327              		.cfi_offset 14, -4
 254:Src/stm32h7xx_it.c ****   /* USER CODE BEGIN ADC_IRQn 0 */
 255:Src/stm32h7xx_it.c **** 
 256:Src/stm32h7xx_it.c ****   /* USER CODE END ADC_IRQn 0 */
 257:Src/stm32h7xx_it.c ****   HAL_ADC_IRQHandler(&hadc1);
 328              		.loc 1 257 3 view .LVU39
 329 0002 0348     		ldr	r0, .L30
 330 0004 FFF7FEFF 		bl	HAL_ADC_IRQHandler
 331              	.LVL4:
 258:Src/stm32h7xx_it.c ****   HAL_ADC_IRQHandler(&hadc2);
 332              		.loc 1 258 3 view .LVU40
ARM GAS  C:\Users\simon\AppData\Local\Temp\ccJQNFhJ.s 			page 11


 333 0008 0248     		ldr	r0, .L30+4
 334 000a FFF7FEFF 		bl	HAL_ADC_IRQHandler
 335              	.LVL5:
 259:Src/stm32h7xx_it.c ****   /* USER CODE BEGIN ADC_IRQn 1 */
 260:Src/stm32h7xx_it.c **** 
 261:Src/stm32h7xx_it.c ****   /* USER CODE END ADC_IRQn 1 */
 262:Src/stm32h7xx_it.c **** }
 336              		.loc 1 262 1 is_stmt 0 view .LVU41
 337 000e 08BD     		pop	{r3, pc}
 338              	.L31:
 339              		.align	2
 340              	.L30:
 341 0010 00000000 		.word	hadc1
 342 0014 00000000 		.word	hadc2
 343              		.cfi_endproc
 344              	.LFE343:
 346              		.section	.text.TIM1_UP_IRQHandler,"ax",%progbits
 347              		.align	1
 348              		.global	TIM1_UP_IRQHandler
 349              		.syntax unified
 350              		.thumb
 351              		.thumb_func
 353              	TIM1_UP_IRQHandler:
 354              	.LFB344:
 263:Src/stm32h7xx_it.c **** 
 264:Src/stm32h7xx_it.c **** /**
 265:Src/stm32h7xx_it.c ****   * @brief This function handles TIM1 update interrupt.
 266:Src/stm32h7xx_it.c ****   */
 267:Src/stm32h7xx_it.c **** void TIM1_UP_IRQHandler(void)
 268:Src/stm32h7xx_it.c **** {
 355              		.loc 1 268 1 is_stmt 1 view -0
 356              		.cfi_startproc
 357              		@ args = 0, pretend = 0, frame = 0
 358              		@ frame_needed = 0, uses_anonymous_args = 0
 359 0000 08B5     		push	{r3, lr}
 360              	.LCFI5:
 361              		.cfi_def_cfa_offset 8
 362              		.cfi_offset 3, -8
 363              		.cfi_offset 14, -4
 269:Src/stm32h7xx_it.c ****   /* USER CODE BEGIN TIM1_UP_IRQn 0 */
 270:Src/stm32h7xx_it.c **** 
 271:Src/stm32h7xx_it.c ****   /* USER CODE END TIM1_UP_IRQn 0 */
 272:Src/stm32h7xx_it.c ****   HAL_TIM_IRQHandler(&htim1);
 364              		.loc 1 272 3 view .LVU43
 365 0002 0248     		ldr	r0, .L34
 366 0004 FFF7FEFF 		bl	HAL_TIM_IRQHandler
 367              	.LVL6:
 273:Src/stm32h7xx_it.c ****   /* USER CODE BEGIN TIM1_UP_IRQn 1 */
 274:Src/stm32h7xx_it.c **** 
 275:Src/stm32h7xx_it.c ****   /* USER CODE END TIM1_UP_IRQn 1 */
 276:Src/stm32h7xx_it.c **** }
 368              		.loc 1 276 1 is_stmt 0 view .LVU44
 369 0008 08BD     		pop	{r3, pc}
 370              	.L35:
 371 000a 00BF     		.align	2
 372              	.L34:
 373 000c 00000000 		.word	htim1
ARM GAS  C:\Users\simon\AppData\Local\Temp\ccJQNFhJ.s 			page 12


 374              		.cfi_endproc
 375              	.LFE344:
 377              		.text
 378              	.Letext0:
 379              		.file 2 "c:\\nes\\arm\\10 2021.10\\arm-none-eabi\\include\\machine\\_default_types.h"
 380              		.file 3 "c:\\nes\\arm\\10 2021.10\\arm-none-eabi\\include\\sys\\_stdint.h"
 381              		.file 4 "Drivers/CMSIS/Device/ST/STM32H7xx/Include/stm32h743xx.h"
 382              		.file 5 "Drivers/CMSIS/Device/ST/STM32H7xx/Include/stm32h7xx.h"
 383              		.file 6 "Drivers/STM32H7xx_HAL_Driver/Inc/stm32h7xx_hal_def.h"
 384              		.file 7 "Drivers/STM32H7xx_HAL_Driver/Inc/stm32h7xx_hal_dma.h"
 385              		.file 8 "Drivers/STM32H7xx_HAL_Driver/Inc/stm32h7xx_hal_adc.h"
 386              		.file 9 "Drivers/STM32H7xx_HAL_Driver/Inc/stm32h7xx_hal_tim.h"
 387              		.file 10 "Drivers/STM32H7xx_HAL_Driver/Inc/stm32h7xx_hal.h"
ARM GAS  C:\Users\simon\AppData\Local\Temp\ccJQNFhJ.s 			page 13


DEFINED SYMBOLS
                            *ABS*:00000000 stm32h7xx_it.c
C:\Users\simon\AppData\Local\Temp\ccJQNFhJ.s:19     .text.NMI_Handler:00000000 $t
C:\Users\simon\AppData\Local\Temp\ccJQNFhJ.s:25     .text.NMI_Handler:00000000 NMI_Handler
C:\Users\simon\AppData\Local\Temp\ccJQNFhJ.s:43     .text.HardFault_Handler:00000000 $t
C:\Users\simon\AppData\Local\Temp\ccJQNFhJ.s:49     .text.HardFault_Handler:00000000 HardFault_Handler
C:\Users\simon\AppData\Local\Temp\ccJQNFhJ.s:66     .text.MemManage_Handler:00000000 $t
C:\Users\simon\AppData\Local\Temp\ccJQNFhJ.s:72     .text.MemManage_Handler:00000000 MemManage_Handler
C:\Users\simon\AppData\Local\Temp\ccJQNFhJ.s:89     .text.BusFault_Handler:00000000 $t
C:\Users\simon\AppData\Local\Temp\ccJQNFhJ.s:95     .text.BusFault_Handler:00000000 BusFault_Handler
C:\Users\simon\AppData\Local\Temp\ccJQNFhJ.s:112    .text.UsageFault_Handler:00000000 $t
C:\Users\simon\AppData\Local\Temp\ccJQNFhJ.s:118    .text.UsageFault_Handler:00000000 UsageFault_Handler
C:\Users\simon\AppData\Local\Temp\ccJQNFhJ.s:135    .text.SVC_Handler:00000000 $t
C:\Users\simon\AppData\Local\Temp\ccJQNFhJ.s:141    .text.SVC_Handler:00000000 SVC_Handler
C:\Users\simon\AppData\Local\Temp\ccJQNFhJ.s:154    .text.DebugMon_Handler:00000000 $t
C:\Users\simon\AppData\Local\Temp\ccJQNFhJ.s:160    .text.DebugMon_Handler:00000000 DebugMon_Handler
C:\Users\simon\AppData\Local\Temp\ccJQNFhJ.s:173    .text.PendSV_Handler:00000000 $t
C:\Users\simon\AppData\Local\Temp\ccJQNFhJ.s:179    .text.PendSV_Handler:00000000 PendSV_Handler
C:\Users\simon\AppData\Local\Temp\ccJQNFhJ.s:192    .text.SysTick_Handler:00000000 $t
C:\Users\simon\AppData\Local\Temp\ccJQNFhJ.s:198    .text.SysTick_Handler:00000000 SysTick_Handler
C:\Users\simon\AppData\Local\Temp\ccJQNFhJ.s:218    .text.DMA1_Stream2_IRQHandler:00000000 $t
C:\Users\simon\AppData\Local\Temp\ccJQNFhJ.s:224    .text.DMA1_Stream2_IRQHandler:00000000 DMA1_Stream2_IRQHandler
C:\Users\simon\AppData\Local\Temp\ccJQNFhJ.s:244    .text.DMA1_Stream2_IRQHandler:0000000c $d
C:\Users\simon\AppData\Local\Temp\ccJQNFhJ.s:249    .text.DMA1_Stream3_IRQHandler:00000000 $t
C:\Users\simon\AppData\Local\Temp\ccJQNFhJ.s:255    .text.DMA1_Stream3_IRQHandler:00000000 DMA1_Stream3_IRQHandler
C:\Users\simon\AppData\Local\Temp\ccJQNFhJ.s:275    .text.DMA1_Stream3_IRQHandler:0000000c $d
C:\Users\simon\AppData\Local\Temp\ccJQNFhJ.s:280    .text.DMA1_Stream4_IRQHandler:00000000 $t
C:\Users\simon\AppData\Local\Temp\ccJQNFhJ.s:286    .text.DMA1_Stream4_IRQHandler:00000000 DMA1_Stream4_IRQHandler
C:\Users\simon\AppData\Local\Temp\ccJQNFhJ.s:306    .text.DMA1_Stream4_IRQHandler:0000000c $d
C:\Users\simon\AppData\Local\Temp\ccJQNFhJ.s:311    .text.ADC_IRQHandler:00000000 $t
C:\Users\simon\AppData\Local\Temp\ccJQNFhJ.s:317    .text.ADC_IRQHandler:00000000 ADC_IRQHandler
C:\Users\simon\AppData\Local\Temp\ccJQNFhJ.s:341    .text.ADC_IRQHandler:00000010 $d
C:\Users\simon\AppData\Local\Temp\ccJQNFhJ.s:347    .text.TIM1_UP_IRQHandler:00000000 $t
C:\Users\simon\AppData\Local\Temp\ccJQNFhJ.s:353    .text.TIM1_UP_IRQHandler:00000000 TIM1_UP_IRQHandler
C:\Users\simon\AppData\Local\Temp\ccJQNFhJ.s:373    .text.TIM1_UP_IRQHandler:0000000c $d

UNDEFINED SYMBOLS
HAL_IncTick
HAL_DMA_IRQHandler
hdma_dac1_ch1
hdma_dac1_ch2
hdma_adc1
HAL_ADC_IRQHandler
hadc1
hadc2
HAL_TIM_IRQHandler
htim1
