ARM GAS  C:\Users\simon\AppData\Local\Temp\ccpsP1H9.s 			page 1


   1              		.cpu cortex-m7
   2              		.arch armv7e-m
   3              		.fpu fpv5-d16
   4              		.eabi_attribute 28, 1
   5              		.eabi_attribute 20, 1
   6              		.eabi_attribute 21, 1
   7              		.eabi_attribute 23, 3
   8              		.eabi_attribute 24, 1
   9              		.eabi_attribute 25, 1
  10              		.eabi_attribute 26, 1
  11              		.eabi_attribute 30, 1
  12              		.eabi_attribute 34, 1
  13              		.eabi_attribute 18, 4
  14              		.file	"dma.c"
  15              		.text
  16              	.Ltext0:
  17              		.cfi_sections	.debug_frame
  18              		.section	.text.MX_DMA_Init,"ax",%progbits
  19              		.align	1
  20              		.global	MX_DMA_Init
  21              		.syntax unified
  22              		.thumb
  23              		.thumb_func
  25              	MX_DMA_Init:
  26              	.LFB331:
  27              		.file 1 "Src/dma.c"
   1:Src/dma.c     **** /**
   2:Src/dma.c     ****   ******************************************************************************
   3:Src/dma.c     ****   * @file    dma.c
   4:Src/dma.c     ****   * @brief   This file provides code for the configuration
   5:Src/dma.c     ****   *          of all the requested memory to memory DMA transfers.
   6:Src/dma.c     ****   ******************************************************************************
   7:Src/dma.c     ****   * @attention
   8:Src/dma.c     ****   *
   9:Src/dma.c     ****   * <h2><center>&copy; Copyright (c) 2026 STMicroelectronics.
  10:Src/dma.c     ****   * All rights reserved.</center></h2>
  11:Src/dma.c     ****   *
  12:Src/dma.c     ****   * This software component is licensed by ST under BSD 3-Clause license,
  13:Src/dma.c     ****   * the "License"; You may not use this file except in compliance with the
  14:Src/dma.c     ****   * License. You may obtain a copy of the License at:
  15:Src/dma.c     ****   *                        opensource.org/licenses/BSD-3-Clause
  16:Src/dma.c     ****   *
  17:Src/dma.c     ****   ******************************************************************************
  18:Src/dma.c     ****   */
  19:Src/dma.c     **** 
  20:Src/dma.c     **** /* Includes ------------------------------------------------------------------*/
  21:Src/dma.c     **** #include "dma.h"
  22:Src/dma.c     **** 
  23:Src/dma.c     **** /* USER CODE BEGIN 0 */
  24:Src/dma.c     **** 
  25:Src/dma.c     **** /* USER CODE END 0 */
  26:Src/dma.c     **** 
  27:Src/dma.c     **** /*----------------------------------------------------------------------------*/
  28:Src/dma.c     **** /* Configure DMA                                                              */
  29:Src/dma.c     **** /*----------------------------------------------------------------------------*/
  30:Src/dma.c     **** 
  31:Src/dma.c     **** /* USER CODE BEGIN 1 */
ARM GAS  C:\Users\simon\AppData\Local\Temp\ccpsP1H9.s 			page 2


  32:Src/dma.c     **** 
  33:Src/dma.c     **** /* USER CODE END 1 */
  34:Src/dma.c     **** 
  35:Src/dma.c     **** /**
  36:Src/dma.c     ****   * Enable DMA controller clock
  37:Src/dma.c     ****   */
  38:Src/dma.c     **** void MX_DMA_Init(void)
  39:Src/dma.c     **** {
  28              		.loc 1 39 1 view -0
  29              		.cfi_startproc
  30              		@ args = 0, pretend = 0, frame = 8
  31              		@ frame_needed = 0, uses_anonymous_args = 0
  32 0000 00B5     		push	{lr}
  33              	.LCFI0:
  34              		.cfi_def_cfa_offset 4
  35              		.cfi_offset 14, -4
  36 0002 83B0     		sub	sp, sp, #12
  37              	.LCFI1:
  38              		.cfi_def_cfa_offset 16
  40:Src/dma.c     **** 
  41:Src/dma.c     ****   /* DMA controller clock enable */
  42:Src/dma.c     ****   __HAL_RCC_DMA1_CLK_ENABLE();
  39              		.loc 1 42 3 view .LVU1
  40              	.LBB2:
  41              		.loc 1 42 3 view .LVU2
  42              		.loc 1 42 3 view .LVU3
  43 0004 134B     		ldr	r3, .L3
  44 0006 D3F8D820 		ldr	r2, [r3, #216]
  45 000a 42F00102 		orr	r2, r2, #1
  46 000e C3F8D820 		str	r2, [r3, #216]
  47              		.loc 1 42 3 view .LVU4
  48 0012 D3F8D830 		ldr	r3, [r3, #216]
  49 0016 03F00103 		and	r3, r3, #1
  50 001a 0193     		str	r3, [sp, #4]
  51              		.loc 1 42 3 view .LVU5
  52 001c 019B     		ldr	r3, [sp, #4]
  53              	.LBE2:
  54              		.loc 1 42 3 view .LVU6
  43:Src/dma.c     **** 
  44:Src/dma.c     ****   /* DMA interrupt init */
  45:Src/dma.c     ****   /* DMA1_Stream2_IRQn interrupt configuration */
  46:Src/dma.c     ****   HAL_NVIC_SetPriority(DMA1_Stream2_IRQn, 0, 0);
  55              		.loc 1 46 3 view .LVU7
  56 001e 0022     		movs	r2, #0
  57 0020 1146     		mov	r1, r2
  58 0022 0D20     		movs	r0, #13
  59 0024 FFF7FEFF 		bl	HAL_NVIC_SetPriority
  60              	.LVL0:
  47:Src/dma.c     ****   HAL_NVIC_EnableIRQ(DMA1_Stream2_IRQn);
  61              		.loc 1 47 3 view .LVU8
  62 0028 0D20     		movs	r0, #13
  63 002a FFF7FEFF 		bl	HAL_NVIC_EnableIRQ
  64              	.LVL1:
  48:Src/dma.c     ****   /* DMA1_Stream3_IRQn interrupt configuration */
  49:Src/dma.c     ****   HAL_NVIC_SetPriority(DMA1_Stream3_IRQn, 0, 0);
  65              		.loc 1 49 3 view .LVU9
  66 002e 0022     		movs	r2, #0
ARM GAS  C:\Users\simon\AppData\Local\Temp\ccpsP1H9.s 			page 3


  67 0030 1146     		mov	r1, r2
  68 0032 0E20     		movs	r0, #14
  69 0034 FFF7FEFF 		bl	HAL_NVIC_SetPriority
  70              	.LVL2:
  50:Src/dma.c     ****   HAL_NVIC_EnableIRQ(DMA1_Stream3_IRQn);
  71              		.loc 1 50 3 view .LVU10
  72 0038 0E20     		movs	r0, #14
  73 003a FFF7FEFF 		bl	HAL_NVIC_EnableIRQ
  74              	.LVL3:
  51:Src/dma.c     ****   /* DMA1_Stream4_IRQn interrupt configuration */
  52:Src/dma.c     ****   HAL_NVIC_SetPriority(DMA1_Stream4_IRQn, 0, 0);
  75              		.loc 1 52 3 view .LVU11
  76 003e 0022     		movs	r2, #0
  77 0040 1146     		mov	r1, r2
  78 0042 0F20     		movs	r0, #15
  79 0044 FFF7FEFF 		bl	HAL_NVIC_SetPriority
  80              	.LVL4:
  53:Src/dma.c     ****   HAL_NVIC_EnableIRQ(DMA1_Stream4_IRQn);
  81              		.loc 1 53 3 view .LVU12
  82 0048 0F20     		movs	r0, #15
  83 004a FFF7FEFF 		bl	HAL_NVIC_EnableIRQ
  84              	.LVL5:
  54:Src/dma.c     **** 
  55:Src/dma.c     **** }
  85              		.loc 1 55 1 is_stmt 0 view .LVU13
  86 004e 03B0     		add	sp, sp, #12
  87              	.LCFI2:
  88              		.cfi_def_cfa_offset 4
  89              		@ sp needed
  90 0050 5DF804FB 		ldr	pc, [sp], #4
  91              	.L4:
  92              		.align	2
  93              	.L3:
  94 0054 00440258 		.word	1476543488
  95              		.cfi_endproc
  96              	.LFE331:
  98              		.text
  99              	.Letext0:
 100              		.file 2 "c:\\nes\\arm\\10 2021.10\\arm-none-eabi\\include\\machine\\_default_types.h"
 101              		.file 3 "c:\\nes\\arm\\10 2021.10\\arm-none-eabi\\include\\sys\\_stdint.h"
 102              		.file 4 "Drivers/CMSIS/Device/ST/STM32H7xx/Include/stm32h743xx.h"
 103              		.file 5 "Drivers/STM32H7xx_HAL_Driver/Inc/stm32h7xx_hal_cortex.h"
ARM GAS  C:\Users\simon\AppData\Local\Temp\ccpsP1H9.s 			page 4


DEFINED SYMBOLS
                            *ABS*:00000000 dma.c
C:\Users\simon\AppData\Local\Temp\ccpsP1H9.s:19     .text.MX_DMA_Init:00000000 $t
C:\Users\simon\AppData\Local\Temp\ccpsP1H9.s:25     .text.MX_DMA_Init:00000000 MX_DMA_Init
C:\Users\simon\AppData\Local\Temp\ccpsP1H9.s:94     .text.MX_DMA_Init:00000054 $d

UNDEFINED SYMBOLS
HAL_NVIC_SetPriority
HAL_NVIC_EnableIRQ
